<?xml version="1.0" encoding="UTF-8"?>
<!-- Generated by org.testng.reporters.JUnitXMLReporter -->
<testsuite hostname="Admin-PC" ignored="0" name="Default test" tests="3" failures="0" timestamp="2021-06-24T10:28:29 IST" time="33.823" errors="0">
  <testcase name="verifyPaymentPageTitle" time="0.029" classname="test.PaymentPageTest"/>
  <testcase name="selectCreditCardAndEnter" time="6.083" classname="test.PaymentPageTest"/>
  <testcase name="cardNumberValidation" time="0.077" classname="test.PaymentPageTest"/>
</testsuite> <!-- Default test -->
