<?xml version="1.0" encoding="UTF-8"?>
<!-- Generated by org.testng.reporters.JUnitXMLReporter -->
<testsuite hostname="Admin-PC" ignored="0" name="Test" tests="4" failures="0" timestamp="2021-06-28T14:58:53 IST" time="161.366" errors="0">
  <testcase name="loginVerifyTest" time="6.55" classname="test.homePageTest"/>
  <testcase name="enterProductName" time="19.821" classname="test.homePageTest"/>
  <testcase name="titleTest" time="0.024" classname="test.LoginTest"/>
  <testcase name="loginTest" time="0.542" classname="test.LoginTest"/>
</testsuite> <!-- Test -->
