<?xml version="1.0" encoding="UTF-8"?>
<!-- Generated by org.testng.reporters.JUnitXMLReporter -->
<testsuite hostname="Admin-PC" ignored="0" name="Test" tests="6" failures="1" timestamp="2021-06-23T18:34:53 IST" time="86.552" errors="0">
  <testcase name="titleTest" time="0.033" classname="test.LoginTest">
    <failure type="java.lang.AssertionError" message="login page not visible expected [Online Shopping Site for Mobiles, Electronics, Furniture, Grocery, Lifestyle, Books &amp;amp; More. Best Offers!] but found [Samsung Mobile- Buy Products Online at Best Price in India - All Categories | Flipkart.com]">
      <![CDATA[java.lang.AssertionError: login page not visible expected [Online Shopping Site for Mobiles, Electronics, Furniture, Grocery, Lifestyle, Books & More. Best Offers!] but found [Samsung Mobile- Buy Products Online at Best Price in India - All Categories | Flipkart.com]
at test.LoginTest.titleTest(LoginTest.java:58)
at java.util.ArrayList.forEach(Unknown Source)
... Removed 32 stack frames]]>
    </failure>
  </testcase> <!-- titleTest -->
  <testcase name="loginTest" time="1.221" classname="test.LoginTest"/>
  <testcase name="loginVerifyTest" time="0.108" classname="test.homePageTest"/>
  <testcase name="enterProductName" time="4.775" classname="test.homePageTest"/>
  <testcase name="verifyPrdoduct" time="19.289" classname="test.productTest"/>
  <testcase name="addToCartTest" time="0.127" classname="test.productTest"/>
</testsuite> <!-- Test -->
