<?xml version="1.0" encoding="UTF-8" ?>
<testsuite tests="23" failures="1" name="TestSuite" time="1,908.825" errors="0" skipped="22">
  <properties>
[...]
</properties>
  <testcase classname="test.PlaceOrderTest" name="before" time="636.249">
    <failure message="session not created
from timeout: Timed out receiving message from renderer: 600.000
  (Session info: chrome=91.0.4472.124)
Build info: version: &apos;3.8.1&apos;, revision: &apos;6e95a6684b&apos;, time: &apos;2017-12-01T18:33:54.468Z&apos;
System info: host: &apos;ADMIN-PC&apos;, ip: &apos;192.168.42.87&apos;, os.name: &apos;Windows 7&apos;, os.arch: &apos;amd64&apos;, os.version: &apos;6.1&apos;, java.version: &apos;1.8.0_201&apos;
Driver info: driver.version: ChromeDriver
remote stacktrace: Backtrace:
	Ordinal0 [0x00A72DB3+2502067]
	Ordinal0 [0x00A0C5B1+2082225]
	Ordinal0 [0x00912498+1057944]
	Ordinal0 [0x00904D2F+1002799]
	Ordinal0 [0x00903D69+998761]
	Ordinal0 [0x00904026+999462]
	Ordinal0 [0x00903915+997653]
	Ordinal0 [0x008FF4F4+980212]
	Ordinal0 [0x009038D1+997585]
	Ordinal0 [0x00903670+996976]
	Ordinal0 [0x00903409+996361]
	Ordinal0 [0x009136A0+1062560]
	Ordinal0 [0x0095AA59+1354329]
	Ordinal0 [0x0095967A+1349242]
	Ordinal0 [0x00955BEB+1334251]
	Ordinal0 [0x00932174+1188212]
	Ordinal0 [0x00933009+1191945]
	GetHandleVerifier [0x00BEEC5C+1511084]
	GetHandleVerifier [0x00C98522+2205554]
	GetHandleVerifier [0x00AF3393+480739]
	GetHandleVerifier [0x00AF2579+477129]
	Ordinal0 [0x00A11E5D+2104925]
	Ordinal0 [0x00A163F8+2122744]
	Ordinal0 [0x00A16537+2123063]
	Ordinal0 [0x00A1EE53+2158163]
	BaseThreadInitThunk [0x7554337A+18]
	RtlInitializeExceptionChain [0x77809882+99]
	RtlInitializeExceptionChain [0x77809855+54]
" type="org.openqa.selenium.SessionNotCreatedException">org.openqa.selenium.SessionNotCreatedException: session not created
from timeout: Timed out receiving message from renderer: 600.000
  (Session info: chrome=91.0.4472.124)
Build info: version: &apos;3.8.1&apos;, revision: &apos;6e95a6684b&apos;, time: &apos;2017-12-01T18:33:54.468Z&apos;
System info: host: &apos;ADMIN-PC&apos;, ip: &apos;192.168.42.87&apos;, os.name: &apos;Windows 7&apos;, os.arch: &apos;amd64&apos;, os.version: &apos;6.1&apos;, java.version: &apos;1.8.0_201&apos;
Driver info: driver.version: ChromeDriver
remote stacktrace: Backtrace:
	Ordinal0 [0x00A72DB3+2502067]
	Ordinal0 [0x00A0C5B1+2082225]
	Ordinal0 [0x00912498+1057944]
	Ordinal0 [0x00904D2F+1002799]
	Ordinal0 [0x00903D69+998761]
	Ordinal0 [0x00904026+999462]
	Ordinal0 [0x00903915+997653]
	Ordinal0 [0x008FF4F4+980212]
	Ordinal0 [0x009038D1+997585]
	Ordinal0 [0x00903670+996976]
	Ordinal0 [0x00903409+996361]
	Ordinal0 [0x009136A0+1062560]
	Ordinal0 [0x0095AA59+1354329]
	Ordinal0 [0x0095967A+1349242]
	Ordinal0 [0x00955BEB+1334251]
	Ordinal0 [0x00932174+1188212]
	Ordinal0 [0x00933009+1191945]
	GetHandleVerifier [0x00BEEC5C+1511084]
	GetHandleVerifier [0x00C98522+2205554]
	GetHandleVerifier [0x00AF3393+480739]
	GetHandleVerifier [0x00AF2579+477129]
	Ordinal0 [0x00A11E5D+2104925]
	Ordinal0 [0x00A163F8+2122744]
	Ordinal0 [0x00A16537+2123063]
	Ordinal0 [0x00A1EE53+2158163]
	BaseThreadInitThunk [0x7554337A+18]
	RtlInitializeExceptionChain [0x77809882+99]
	RtlInitializeExceptionChain [0x77809855+54]

	at sun.reflect.NativeConstructorAccessorImpl.newInstance0(Native Method)
	at sun.reflect.NativeConstructorAccessorImpl.newInstance(NativeConstructorAccessorImpl.java:62)
	at sun.reflect.DelegatingConstructorAccessorImpl.newInstance(DelegatingConstructorAccessorImpl.java:45)
	at java.lang.reflect.Constructor.newInstance(Constructor.java:423)
	at org.openqa.selenium.remote.W3CHandshakeResponse.lambda$new$0(W3CHandshakeResponse.java:57)
	at org.openqa.selenium.remote.W3CHandshakeResponse.lambda$getResponseFunction$2(W3CHandshakeResponse.java:104)
	at org.openqa.selenium.remote.ProtocolHandshake.lambda$createSession$0(ProtocolHandshake.java:123)
	at java.util.stream.ReferencePipeline$3$1.accept(ReferencePipeline.java:193)
	at java.util.Spliterators$ArraySpliterator.tryAdvance(Spliterators.java:958)
	at java.util.stream.ReferencePipeline.forEachWithCancel(ReferencePipeline.java:126)
	at java.util.stream.AbstractPipeline.copyIntoWithCancel(AbstractPipeline.java:498)
	at java.util.stream.AbstractPipeline.copyInto(AbstractPipeline.java:485)
	at java.util.stream.AbstractPipeline.wrapAndCopyInto(AbstractPipeline.java:471)
	at java.util.stream.FindOps$FindOp.evaluateSequential(FindOps.java:152)
	at java.util.stream.AbstractPipeline.evaluate(AbstractPipeline.java:234)
	at java.util.stream.ReferencePipeline.findFirst(ReferencePipeline.java:464)
	at org.openqa.selenium.remote.ProtocolHandshake.createSession(ProtocolHandshake.java:126)
	at org.openqa.selenium.remote.ProtocolHandshake.createSession(ProtocolHandshake.java:73)
	at org.openqa.selenium.remote.HttpCommandExecutor.execute(HttpCommandExecutor.java:142)
	at org.openqa.selenium.remote.service.DriverCommandExecutor.execute(DriverCommandExecutor.java:83)
	at org.openqa.selenium.remote.RemoteWebDriver.execute(RemoteWebDriver.java:601)
	at org.openqa.selenium.remote.RemoteWebDriver.startSession(RemoteWebDriver.java:219)
	at org.openqa.selenium.remote.RemoteWebDriver.&lt;init&gt;(RemoteWebDriver.java:142)
	at org.openqa.selenium.chrome.ChromeDriver.&lt;init&gt;(ChromeDriver.java:181)
	at org.openqa.selenium.chrome.ChromeDriver.&lt;init&gt;(ChromeDriver.java:168)
	at org.openqa.selenium.chrome.ChromeDriver.&lt;init&gt;(ChromeDriver.java:123)
	at testBase.Base.start(Base.java:29)
	at test.PlaceOrderTest.before(PlaceOrderTest.java:30)
</failure>
    <system-out>Configuring TestNG with: org.apache.maven.surefire.testng.conf.TestNG652Configurator@71e7a66b
06-29-2021 12:52:19 RequestAddCookies.java DEBUG [Forwarding newSession on session null to remote] protocol.RequestAddCookies 123 - CookieSpec selected: default
06-29-2021 12:52:19 RequestAuthCache.java DEBUG [Forwarding newSession on session null to remote] protocol.RequestAuthCache 77 - Auth cache not set in the context
06-29-2021 12:52:19 PoolingHttpClientConnectionManager.java DEBUG [Forwarding newSession on session null to remote] conn.PoolingHttpClientConnectionManager 255 - Connection request: [route: {}-&gt;http://localhost:38697][total kept alive: 0; route allocated: 0 of 2000; total allocated: 0 of 2000]
06-29-2021 12:52:19 PoolingHttpClientConnectionManager.java DEBUG [Forwarding newSession on session null to remote] conn.PoolingHttpClientConnectionManager 288 - Connection leased: [id: 0][route: {}-&gt;http://localhost:38697][total kept alive: 0; route allocated: 1 of 2000; total allocated: 1 of 2000]
06-29-2021 12:52:19 MainClientExec.java DEBUG [Forwarding newSession on session null to remote] execchain.MainClientExec 235 - Opening connection {}-&gt;http://localhost:38697
06-29-2021 12:52:19 DefaultHttpClientConnectionOperator.java DEBUG [Forwarding newSession on session null to remote] conn.DefaultHttpClientConnectionOperator 139 - Connecting to localhost/127.0.0.1:38697
06-29-2021 12:52:19 DefaultHttpClientConnectionOperator.java DEBUG [Forwarding newSession on session null to remote] conn.DefaultHttpClientConnectionOperator 146 - Connection established 127.0.0.1:56270&lt;-&gt;127.0.0.1:38697
06-29-2021 12:52:19 LoggingManagedHttpClientConnection.java DEBUG [Forwarding newSession on session null to remote] conn.DefaultManagedHttpClientConnection 88 - http-outgoing-0: set socket timeout to 10800000
06-29-2021 12:52:19 MainClientExec.java DEBUG [Forwarding newSession on session null to remote] execchain.MainClientExec 256 - Executing request POST /session HTTP/1.1
06-29-2021 12:52:19 MainClientExec.java DEBUG [Forwarding newSession on session null to remote] execchain.MainClientExec 261 - Target auth state: UNCHALLENGED
06-29-2021 12:52:19 MainClientExec.java DEBUG [Forwarding newSession on session null to remote] execchain.MainClientExec 267 - Proxy auth state: UNCHALLENGED
06-29-2021 12:52:19 LoggingManagedHttpClientConnection.java DEBUG [Forwarding newSession on session null to remote] http.headers 133 - http-outgoing-0 &gt;&gt; POST /session HTTP/1.1
06-29-2021 12:52:19 LoggingManagedHttpClientConnection.java DEBUG [Forwarding newSession on session null to remote] http.headers 136 - http-outgoing-0 &gt;&gt; Content-Type: application/json; charset=utf-8
06-29-2021 12:52:19 LoggingManagedHttpClientConnection.java DEBUG [Forwarding newSession on session null to remote] http.headers 136 - http-outgoing-0 &gt;&gt; Content-Length: 335
06-29-2021 12:52:19 LoggingManagedHttpClientConnection.java DEBUG [Forwarding newSession on session null to remote] http.headers 136 - http-outgoing-0 &gt;&gt; Host: localhost:38697
06-29-2021 12:52:19 LoggingManagedHttpClientConnection.java DEBUG [Forwarding newSession on session null to remote] http.headers 136 - http-outgoing-0 &gt;&gt; Connection: Keep-Alive
06-29-2021 12:52:19 LoggingManagedHttpClientConnection.java DEBUG [Forwarding newSession on session null to remote] http.headers 136 - http-outgoing-0 &gt;&gt; User-Agent: Apache-HttpClient/4.5.3 (Java/1.8.0_201)
06-29-2021 12:52:19 LoggingManagedHttpClientConnection.java DEBUG [Forwarding newSession on session null to remote] http.headers 136 - http-outgoing-0 &gt;&gt; Accept-Encoding: gzip,deflate
06-29-2021 12:52:19 Wire.java DEBUG [Forwarding newSession on session null to remote] http.wire 73 - http-outgoing-0 &gt;&gt; &quot;POST /session HTTP/1.1[\r][\n]&quot;
06-29-2021 12:52:19 Wire.java DEBUG [Forwarding newSession on session null to remote] http.wire 73 - http-outgoing-0 &gt;&gt; &quot;Content-Type: application/json; charset=utf-8[\r][\n]&quot;
06-29-2021 12:52:19 Wire.java DEBUG [Forwarding newSession on session null to remote] http.wire 73 - http-outgoing-0 &gt;&gt; &quot;Content-Length: 335[\r][\n]&quot;
06-29-2021 12:52:19 Wire.java DEBUG [Forwarding newSession on session null to remote] http.wire 73 - http-outgoing-0 &gt;&gt; &quot;Host: localhost:38697[\r][\n]&quot;
06-29-2021 12:52:19 Wire.java DEBUG [Forwarding newSession on session null to remote] http.wire 73 - http-outgoing-0 &gt;&gt; &quot;Connection: Keep-Alive[\r][\n]&quot;
06-29-2021 12:52:19 Wire.java DEBUG [Forwarding newSession on session null to remote] http.wire 73 - http-outgoing-0 &gt;&gt; &quot;User-Agent: Apache-HttpClient/4.5.3 (Java/1.8.0_201)[\r][\n]&quot;
06-29-2021 12:52:19 Wire.java DEBUG [Forwarding newSession on session null to remote] http.wire 73 - http-outgoing-0 &gt;&gt; &quot;Accept-Encoding: gzip,deflate[\r][\n]&quot;
06-29-2021 12:52:19 Wire.java DEBUG [Forwarding newSession on session null to remote] http.wire 73 - http-outgoing-0 &gt;&gt; &quot;[\r][\n]&quot;
06-29-2021 12:52:19 Wire.java DEBUG [Forwarding newSession on session null to remote] http.wire 73 - http-outgoing-0 &gt;&gt; &quot;{[\n]&quot;
06-29-2021 12:52:19 Wire.java DEBUG [Forwarding newSession on session null to remote] http.wire 73 - http-outgoing-0 &gt;&gt; &quot;  &quot;desiredCapabilities&quot;: {&quot;browserName&quot;:&quot;chrome&quot;,&quot;goog:chromeOptions&quot;:{&quot;args&quot;:[],&quot;extensions&quot;:[]}},[\n]&quot;
06-29-2021 12:52:19 Wire.java DEBUG [Forwarding newSession on session null to remote] http.wire 73 - http-outgoing-0 &gt;&gt; &quot;  &quot;capabilities&quot;: {[\n]&quot;
06-29-2021 12:52:19 Wire.java DEBUG [Forwarding newSession on session null to remote] http.wire 73 - http-outgoing-0 &gt;&gt; &quot;    &quot;desiredCapabilities&quot;: {&quot;browserName&quot;:&quot;chrome&quot;,&quot;goog:chromeOptions&quot;:{&quot;args&quot;:[],&quot;extensions&quot;:[]}},[\n]&quot;
06-29-2021 12:52:19 Wire.java DEBUG [Forwarding newSession on session null to remote] http.wire 73 - http-outgoing-0 &gt;&gt; &quot;    &quot;firstMatch&quot;: [[\n]&quot;
06-29-2021 12:52:19 Wire.java DEBUG [Forwarding newSession on session null to remote] http.wire 73 - http-outgoing-0 &gt;&gt; &quot;      {&quot;browserName&quot;:&quot;chrome&quot;,&quot;goog:chromeOptions&quot;:{&quot;args&quot;:[],&quot;extensions&quot;:[]}}[\n]&quot;
06-29-2021 12:52:19 Wire.java DEBUG [Forwarding newSession on session null to remote] http.wire 73 - http-outgoing-0 &gt;&gt; &quot;    ][\n]&quot;
06-29-2021 12:52:19 Wire.java DEBUG [Forwarding newSession on session null to remote] http.wire 73 - http-outgoing-0 &gt;&gt; &quot;  }[\n]&quot;
06-29-2021 12:52:19 Wire.java DEBUG [Forwarding newSession on session null to remote] http.wire 87 - http-outgoing-0 &gt;&gt; &quot;}&quot;
06-29-2021 12:52:20 Wire.java DEBUG [Forwarding newSession on session null to remote] http.wire 73 - http-outgoing-0 &lt;&lt; &quot;HTTP/1.1 200 OK[\r][\n]&quot;
06-29-2021 12:52:20 Wire.java DEBUG [Forwarding newSession on session null to remote] http.wire 73 - http-outgoing-0 &lt;&lt; &quot;Content-Length:731[\r][\n]&quot;
06-29-2021 12:52:20 Wire.java DEBUG [Forwarding newSession on session null to remote] http.wire 73 - http-outgoing-0 &lt;&lt; &quot;Content-Type:application/json; charset=utf-8[\r][\n]&quot;
06-29-2021 12:52:20 Wire.java DEBUG [Forwarding newSession on session null to remote] http.wire 73 - http-outgoing-0 &lt;&lt; &quot;cache-control:no-cache[\r][\n]&quot;
06-29-2021 12:52:20 Wire.java DEBUG [Forwarding newSession on session null to remote] http.wire 73 - http-outgoing-0 &lt;&lt; &quot;[\r][\n]&quot;
06-29-2021 12:52:20 Wire.java DEBUG [Forwarding newSession on session null to remote] http.wire 87 - http-outgoing-0 &lt;&lt; &quot;{&quot;value&quot;:{&quot;capabilities&quot;:{&quot;acceptInsecureCerts&quot;:false,&quot;browserName&quot;:&quot;chrome&quot;,&quot;browserVersion&quot;:&quot;91.0.4472.124&quot;,&quot;chrome&quot;:{&quot;chromedriverVersion&quot;:&quot;91.0.4472.19 (1bf021f248676a0b2ab3ee0561d83a59e424c23e-refs/branch-heads/4472@{#288})&quot;,&quot;userDataDir&quot;:&quot;C:\\Windows\\TEMP\\scoped_dir6852_526281283&quot;},&quot;goog:chromeOptions&quot;:{&quot;debuggerAddress&quot;:&quot;localhost:56271&quot;},&quot;networkConnectionEnabled&quot;:false,&quot;pageLoadStrategy&quot;:&quot;normal&quot;,&quot;platformName&quot;:&quot;windows&quot;,&quot;proxy&quot;:{},&quot;setWindowRect&quot;:true,&quot;strictFileInteractability&quot;:false,&quot;timeouts&quot;:{&quot;implicit&quot;:0,&quot;pageLoad&quot;:300000,&quot;script&quot;:30000},&quot;unhandledPromptBehavior&quot;:&quot;dismiss and notify&quot;,&quot;webauthn:extension:largeBlob&quot;:true,&quot;webauthn:virtualAuthenticators&quot;:true},&quot;sessionId&quot;:&quot;0fe84b5a5300ad024f85390d0b372d79&quot;}}&quot;
06-29-2021 12:52:20 LoggingManagedHttpClientConnection.java DEBUG [Forwarding newSession on session null to remote] http.headers 122 - http-outgoing-0 &lt;&lt; HTTP/1.1 200 OK
06-29-2021 12:52:20 LoggingManagedHttpClientConnection.java DEBUG [Forwarding newSession on session null to remote] http.headers 125 - http-outgoing-0 &lt;&lt; Content-Length:731
06-29-2021 12:52:20 LoggingManagedHttpClientConnection.java DEBUG [Forwarding newSession on session null to remote] http.headers 125 - http-outgoing-0 &lt;&lt; Content-Type:application/json; charset=utf-8
06-29-2021 12:52:20 LoggingManagedHttpClientConnection.java DEBUG [Forwarding newSession on session null to remote] http.headers 125 - http-outgoing-0 &lt;&lt; cache-control:no-cache
06-29-2021 12:52:20 MainClientExec.java DEBUG [Forwarding newSession on session null to remote] execchain.MainClientExec 285 - Connection can be kept alive indefinitely
06-29-2021 12:52:20 PoolingHttpClientConnectionManager.java DEBUG [Forwarding newSession on session null to remote] conn.PoolingHttpClientConnectionManager 320 - Connection [id: 0][route: {}-&gt;http://localhost:38697] can be kept alive indefinitely
06-29-2021 12:52:20 PoolingHttpClientConnectionManager.java DEBUG [Forwarding newSession on session null to remote] conn.PoolingHttpClientConnectionManager 326 - Connection released: [id: 0][route: {}-&gt;http://localhost:38697][total kept alive: 1; route allocated: 1 of 2000; total allocated: 1 of 2000]
06-29-2021 12:52:20 RequestAddCookies.java DEBUG [Forwarding setTimeout on session 0fe84b5a5300ad024f85390d0b372d79 to remote] protocol.RequestAddCookies 123 - CookieSpec selected: default
06-29-2021 12:52:20 RequestAuthCache.java DEBUG [Forwarding setTimeout on session 0fe84b5a5300ad024f85390d0b372d79 to remote] protocol.RequestAuthCache 77 - Auth cache not set in the context
06-29-2021 12:52:20 PoolingHttpClientConnectionManager.java DEBUG [Forwarding setTimeout on session 0fe84b5a5300ad024f85390d0b372d79 to remote] conn.PoolingHttpClientConnectionManager 255 - Connection request: [route: {}-&gt;http://localhost:38697][total kept alive: 1; route allocated: 1 of 2000; total allocated: 1 of 2000]
06-29-2021 12:52:20 PoolingHttpClientConnectionManager.java DEBUG [Forwarding setTimeout on session 0fe84b5a5300ad024f85390d0b372d79 to remote] conn.PoolingHttpClientConnectionManager 288 - Connection leased: [id: 0][route: {}-&gt;http://localhost:38697][total kept alive: 0; route allocated: 1 of 2000; total allocated: 1 of 2000]
06-29-2021 12:52:20 MainClientExec.java DEBUG [Forwarding setTimeout on session 0fe84b5a5300ad024f85390d0b372d79 to remote] execchain.MainClientExec 208 - Stale connection check
06-29-2021 12:52:20 Wire.java DEBUG [Forwarding setTimeout on session 0fe84b5a5300ad024f85390d0b372d79 to remote] http.wire 87 - http-outgoing-0 &lt;&lt; &quot;[read] I/O error: Read timed out&quot;
06-29-2021 12:52:20 LoggingManagedHttpClientConnection.java DEBUG [Forwarding setTimeout on session 0fe84b5a5300ad024f85390d0b372d79 to remote] conn.DefaultManagedHttpClientConnection 88 - http-outgoing-0: set socket timeout to 10800000
06-29-2021 12:52:20 MainClientExec.java DEBUG [Forwarding setTimeout on session 0fe84b5a5300ad024f85390d0b372d79 to remote] execchain.MainClientExec 256 - Executing request POST /session/0fe84b5a5300ad024f85390d0b372d79/timeouts HTTP/1.1
06-29-2021 12:52:20 MainClientExec.java DEBUG [Forwarding setTimeout on session 0fe84b5a5300ad024f85390d0b372d79 to remote] execchain.MainClientExec 261 - Target auth state: UNCHALLENGED
06-29-2021 12:52:20 MainClientExec.java DEBUG [Forwarding setTimeout on session 0fe84b5a5300ad024f85390d0b372d79 to remote] execchain.MainClientExec 267 - Proxy auth state: UNCHALLENGED
06-29-2021 12:52:20 LoggingManagedHttpClientConnection.java DEBUG [Forwarding setTimeout on session 0fe84b5a5300ad024f85390d0b372d79 to remote] http.headers 133 - http-outgoing-0 &gt;&gt; POST /session/0fe84b5a5300ad024f85390d0b372d79/timeouts HTTP/1.1
06-29-2021 12:52:20 LoggingManagedHttpClientConnection.java DEBUG [Forwarding setTimeout on session 0fe84b5a5300ad024f85390d0b372d79 to remote] http.headers 136 - http-outgoing-0 &gt;&gt; Content-Type: application/json; charset=utf-8
06-29-2021 12:52:20 LoggingManagedHttpClientConnection.java DEBUG [Forwarding setTimeout on session 0fe84b5a5300ad024f85390d0b372d79 to remote] http.headers 136 - http-outgoing-0 &gt;&gt; Content-Length: 18
06-29-2021 12:52:20 LoggingManagedHttpClientConnection.java DEBUG [Forwarding setTimeout on session 0fe84b5a5300ad024f85390d0b372d79 to remote] http.headers 136 - http-outgoing-0 &gt;&gt; Host: localhost:38697
06-29-2021 12:52:20 LoggingManagedHttpClientConnection.java DEBUG [Forwarding setTimeout on session 0fe84b5a5300ad024f85390d0b372d79 to remote] http.headers 136 - http-outgoing-0 &gt;&gt; Connection: Keep-Alive
06-29-2021 12:52:20 LoggingManagedHttpClientConnection.java DEBUG [Forwarding setTimeout on session 0fe84b5a5300ad024f85390d0b372d79 to remote] http.headers 136 - http-outgoing-0 &gt;&gt; User-Agent: Apache-HttpClient/4.5.3 (Java/1.8.0_201)
06-29-2021 12:52:20 LoggingManagedHttpClientConnection.java DEBUG [Forwarding setTimeout on session 0fe84b5a5300ad024f85390d0b372d79 to remote] http.headers 136 - http-outgoing-0 &gt;&gt; Accept-Encoding: gzip,deflate
06-29-2021 12:52:20 Wire.java DEBUG [Forwarding setTimeout on session 0fe84b5a5300ad024f85390d0b372d79 to remote] http.wire 73 - http-outgoing-0 &gt;&gt; &quot;POST /session/0fe84b5a5300ad024f85390d0b372d79/timeouts HTTP/1.1[\r][\n]&quot;
06-29-2021 12:52:20 Wire.java DEBUG [Forwarding setTimeout on session 0fe84b5a5300ad024f85390d0b372d79 to remote] http.wire 73 - http-outgoing-0 &gt;&gt; &quot;Content-Type: application/json; charset=utf-8[\r][\n]&quot;
06-29-2021 12:52:20 Wire.java DEBUG [Forwarding setTimeout on session 0fe84b5a5300ad024f85390d0b372d79 to remote] http.wire 73 - http-outgoing-0 &gt;&gt; &quot;Content-Length: 18[\r][\n]&quot;
06-29-2021 12:52:20 Wire.java DEBUG [Forwarding setTimeout on session 0fe84b5a5300ad024f85390d0b372d79 to remote] http.wire 73 - http-outgoing-0 &gt;&gt; &quot;Host: localhost:38697[\r][\n]&quot;
06-29-2021 12:52:20 Wire.java DEBUG [Forwarding setTimeout on session 0fe84b5a5300ad024f85390d0b372d79 to remote] http.wire 73 - http-outgoing-0 &gt;&gt; &quot;Connection: Keep-Alive[\r][\n]&quot;
06-29-2021 12:52:20 Wire.java DEBUG [Forwarding setTimeout on session 0fe84b5a5300ad024f85390d0b372d79 to remote] http.wire 73 - http-outgoing-0 &gt;&gt; &quot;User-Agent: Apache-HttpClient/4.5.3 (Java/1.8.0_201)[\r][\n]&quot;
06-29-2021 12:52:20 Wire.java DEBUG [Forwarding setTimeout on session 0fe84b5a5300ad024f85390d0b372d79 to remote] http.wire 73 - http-outgoing-0 &gt;&gt; &quot;Accept-Encoding: gzip,deflate[\r][\n]&quot;
06-29-2021 12:52:20 Wire.java DEBUG [Forwarding setTimeout on session 0fe84b5a5300ad024f85390d0b372d79 to remote] http.wire 73 - http-outgoing-0 &gt;&gt; &quot;[\r][\n]&quot;
06-29-2021 12:52:20 Wire.java DEBUG [Forwarding setTimeout on session 0fe84b5a5300ad024f85390d0b372d79 to remote] http.wire 87 - http-outgoing-0 &gt;&gt; &quot;{&quot;implicit&quot;:30000}&quot;
06-29-2021 12:52:20 Wire.java DEBUG [Forwarding setTimeout on session 0fe84b5a5300ad024f85390d0b372d79 to remote] http.wire 73 - http-outgoing-0 &lt;&lt; &quot;HTTP/1.1 200 OK[\r][\n]&quot;
06-29-2021 12:52:20 Wire.java DEBUG [Forwarding setTimeout on session 0fe84b5a5300ad024f85390d0b372d79 to remote] http.wire 73 - http-outgoing-0 &lt;&lt; &quot;Content-Length:14[\r][\n]&quot;
06-29-2021 12:52:20 Wire.java DEBUG [Forwarding setTimeout on session 0fe84b5a5300ad024f85390d0b372d79 to remote] http.wire 73 - http-outgoing-0 &lt;&lt; &quot;Content-Type:application/json; charset=utf-8[\r][\n]&quot;
06-29-2021 12:52:20 Wire.java DEBUG [Forwarding setTimeout on session 0fe84b5a5300ad024f85390d0b372d79 to remote] http.wire 73 - http-outgoing-0 &lt;&lt; &quot;cache-control:no-cache[\r][\n]&quot;
06-29-2021 12:52:20 Wire.java DEBUG [Forwarding setTimeout on session 0fe84b5a5300ad024f85390d0b372d79 to remote] http.wire 73 - http-outgoing-0 &lt;&lt; &quot;[\r][\n]&quot;
06-29-2021 12:52:20 Wire.java DEBUG [Forwarding setTimeout on session 0fe84b5a5300ad024f85390d0b372d79 to remote] http.wire 87 - http-outgoing-0 &lt;&lt; &quot;{&quot;value&quot;:null}&quot;
06-29-2021 12:52:20 LoggingManagedHttpClientConnection.java DEBUG [Forwarding setTimeout on session 0fe84b5a5300ad024f85390d0b372d79 to remote] http.headers 122 - http-outgoing-0 &lt;&lt; HTTP/1.1 200 OK
06-29-2021 12:52:20 LoggingManagedHttpClientConnection.java DEBUG [Forwarding setTimeout on session 0fe84b5a5300ad024f85390d0b372d79 to remote] http.headers 125 - http-outgoing-0 &lt;&lt; Content-Length:14
06-29-2021 12:52:20 LoggingManagedHttpClientConnection.java DEBUG [Forwarding setTimeout on session 0fe84b5a5300ad024f85390d0b372d79 to remote] http.headers 125 - http-outgoing-0 &lt;&lt; Content-Type:application/json; charset=utf-8
06-29-2021 12:52:20 LoggingManagedHttpClientConnection.java DEBUG [Forwarding setTimeout on session 0fe84b5a5300ad024f85390d0b372d79 to remote] http.headers 125 - http-outgoing-0 &lt;&lt; cache-control:no-cache
06-29-2021 12:52:20 MainClientExec.java DEBUG [Forwarding setTimeout on session 0fe84b5a5300ad024f85390d0b372d79 to remote] execchain.MainClientExec 285 - Connection can be kept alive indefinitely
06-29-2021 12:52:20 PoolingHttpClientConnectionManager.java DEBUG [Forwarding setTimeout on session 0fe84b5a5300ad024f85390d0b372d79 to remote] conn.PoolingHttpClientConnectionManager 320 - Connection [id: 0][route: {}-&gt;http://localhost:38697] can be kept alive indefinitely
06-29-2021 12:52:20 PoolingHttpClientConnectionManager.java DEBUG [Forwarding setTimeout on session 0fe84b5a5300ad024f85390d0b372d79 to remote] conn.PoolingHttpClientConnectionManager 326 - Connection released: [id: 0][route: {}-&gt;http://localhost:38697][total kept alive: 1; route allocated: 1 of 2000; total allocated: 1 of 2000]
06-29-2021 12:52:20 RequestAddCookies.java DEBUG [Forwarding get on session 0fe84b5a5300ad024f85390d0b372d79 to remote] protocol.RequestAddCookies 123 - CookieSpec selected: default
06-29-2021 12:52:20 RequestAuthCache.java DEBUG [Forwarding get on session 0fe84b5a5300ad024f85390d0b372d79 to remote] protocol.RequestAuthCache 77 - Auth cache not set in the context
06-29-2021 12:52:20 PoolingHttpClientConnectionManager.java DEBUG [Forwarding get on session 0fe84b5a5300ad024f85390d0b372d79 to remote] conn.PoolingHttpClientConnectionManager 255 - Connection request: [route: {}-&gt;http://localhost:38697][total kept alive: 1; route allocated: 1 of 2000; total allocated: 1 of 2000]
06-29-2021 12:52:20 PoolingHttpClientConnectionManager.java DEBUG [Forwarding get on session 0fe84b5a5300ad024f85390d0b372d79 to remote] conn.PoolingHttpClientConnectionManager 288 - Connection leased: [id: 0][route: {}-&gt;http://localhost:38697][total kept alive: 0; route allocated: 1 of 2000; total allocated: 1 of 2000]
06-29-2021 12:52:20 MainClientExec.java DEBUG [Forwarding get on session 0fe84b5a5300ad024f85390d0b372d79 to remote] execchain.MainClientExec 208 - Stale connection check
06-29-2021 12:52:20 Wire.java DEBUG [Forwarding get on session 0fe84b5a5300ad024f85390d0b372d79 to remote] http.wire 87 - http-outgoing-0 &lt;&lt; &quot;[read] I/O error: Read timed out&quot;
06-29-2021 12:52:20 LoggingManagedHttpClientConnection.java DEBUG [Forwarding get on session 0fe84b5a5300ad024f85390d0b372d79 to remote] conn.DefaultManagedHttpClientConnection 88 - http-outgoing-0: set socket timeout to 10800000
06-29-2021 12:52:20 MainClientExec.java DEBUG [Forwarding get on session 0fe84b5a5300ad024f85390d0b372d79 to remote] execchain.MainClientExec 256 - Executing request POST /session/0fe84b5a5300ad024f85390d0b372d79/url HTTP/1.1
06-29-2021 12:52:20 MainClientExec.java DEBUG [Forwarding get on session 0fe84b5a5300ad024f85390d0b372d79 to remote] execchain.MainClientExec 261 - Target auth state: UNCHALLENGED
06-29-2021 12:52:20 MainClientExec.java DEBUG [Forwarding get on session 0fe84b5a5300ad024f85390d0b372d79 to remote] execchain.MainClientExec 267 - Proxy auth state: UNCHALLENGED
06-29-2021 12:52:20 LoggingManagedHttpClientConnection.java DEBUG [Forwarding get on session 0fe84b5a5300ad024f85390d0b372d79 to remote] http.headers 133 - http-outgoing-0 &gt;&gt; POST /session/0fe84b5a5300ad024f85390d0b372d79/url HTTP/1.1
06-29-2021 12:52:20 LoggingManagedHttpClientConnection.java DEBUG [Forwarding get on session 0fe84b5a5300ad024f85390d0b372d79 to remote] http.headers 136 - http-outgoing-0 &gt;&gt; Content-Type: application/json; charset=utf-8
06-29-2021 12:52:20 LoggingManagedHttpClientConnection.java DEBUG [Forwarding get on session 0fe84b5a5300ad024f85390d0b372d79 to remote] http.headers 136 - http-outgoing-0 &gt;&gt; Content-Length: 34
06-29-2021 12:52:20 LoggingManagedHttpClientConnection.java DEBUG [Forwarding get on session 0fe84b5a5300ad024f85390d0b372d79 to remote] http.headers 136 - http-outgoing-0 &gt;&gt; Host: localhost:38697
06-29-2021 12:52:20 LoggingManagedHttpClientConnection.java DEBUG [Forwarding get on session 0fe84b5a5300ad024f85390d0b372d79 to remote] http.headers 136 - http-outgoing-0 &gt;&gt; Connection: Keep-Alive
06-29-2021 12:52:20 LoggingManagedHttpClientConnection.java DEBUG [Forwarding get on session 0fe84b5a5300ad024f85390d0b372d79 to remote] http.headers 136 - http-outgoing-0 &gt;&gt; User-Agent: Apache-HttpClient/4.5.3 (Java/1.8.0_201)
06-29-2021 12:52:20 LoggingManagedHttpClientConnection.java DEBUG [Forwarding get on session 0fe84b5a5300ad024f85390d0b372d79 to remote] http.headers 136 - http-outgoing-0 &gt;&gt; Accept-Encoding: gzip,deflate
06-29-2021 12:52:20 Wire.java DEBUG [Forwarding get on session 0fe84b5a5300ad024f85390d0b372d79 to remote] http.wire 73 - http-outgoing-0 &gt;&gt; &quot;POST /session/0fe84b5a5300ad024f85390d0b372d79/url HTTP/1.1[\r][\n]&quot;
06-29-2021 12:52:20 Wire.java DEBUG [Forwarding get on session 0fe84b5a5300ad024f85390d0b372d79 to remote] http.wire 73 - http-outgoing-0 &gt;&gt; &quot;Content-Type: application/json; charset=utf-8[\r][\n]&quot;
06-29-2021 12:52:20 Wire.java DEBUG [Forwarding get on session 0fe84b5a5300ad024f85390d0b372d79 to remote] http.wire 73 - http-outgoing-0 &gt;&gt; &quot;Content-Length: 34[\r][\n]&quot;
06-29-2021 12:52:20 Wire.java DEBUG [Forwarding get on session 0fe84b5a5300ad024f85390d0b372d79 to remote] http.wire 73 - http-outgoing-0 &gt;&gt; &quot;Host: localhost:38697[\r][\n]&quot;
06-29-2021 12:52:20 Wire.java DEBUG [Forwarding get on session 0fe84b5a5300ad024f85390d0b372d79 to remote] http.wire 73 - http-outgoing-0 &gt;&gt; &quot;Connection: Keep-Alive[\r][\n]&quot;
06-29-2021 12:52:20 Wire.java DEBUG [Forwarding get on session 0fe84b5a5300ad024f85390d0b372d79 to remote] http.wire 73 - http-outgoing-0 &gt;&gt; &quot;User-Agent: Apache-HttpClient/4.5.3 (Java/1.8.0_201)[\r][\n]&quot;
06-29-2021 12:52:20 Wire.java DEBUG [Forwarding get on session 0fe84b5a5300ad024f85390d0b372d79 to remote] http.wire 73 - http-outgoing-0 &gt;&gt; &quot;Accept-Encoding: gzip,deflate[\r][\n]&quot;
06-29-2021 12:52:20 Wire.java DEBUG [Forwarding get on session 0fe84b5a5300ad024f85390d0b372d79 to remote] http.wire 73 - http-outgoing-0 &gt;&gt; &quot;[\r][\n]&quot;
06-29-2021 12:52:20 Wire.java DEBUG [Forwarding get on session 0fe84b5a5300ad024f85390d0b372d79 to remote] http.wire 87 - http-outgoing-0 &gt;&gt; &quot;{&quot;url&quot;:&quot;https://www.flipkart.com&quot;}&quot;
06-29-2021 12:52:25 Wire.java DEBUG [Forwarding get on session 0fe84b5a5300ad024f85390d0b372d79 to remote] http.wire 73 - http-outgoing-0 &lt;&lt; &quot;HTTP/1.1 200 OK[\r][\n]&quot;
06-29-2021 12:52:25 Wire.java DEBUG [Forwarding get on session 0fe84b5a5300ad024f85390d0b372d79 to remote] http.wire 73 - http-outgoing-0 &lt;&lt; &quot;Content-Length:14[\r][\n]&quot;
06-29-2021 12:52:25 Wire.java DEBUG [Forwarding get on session 0fe84b5a5300ad024f85390d0b372d79 to remote] http.wire 73 - http-outgoing-0 &lt;&lt; &quot;Content-Type:application/json; charset=utf-8[\r][\n]&quot;
06-29-2021 12:52:25 Wire.java DEBUG [Forwarding get on session 0fe84b5a5300ad024f85390d0b372d79 to remote] http.wire 73 - http-outgoing-0 &lt;&lt; &quot;cache-control:no-cache[\r][\n]&quot;
06-29-2021 12:52:25 Wire.java DEBUG [Forwarding get on session 0fe84b5a5300ad024f85390d0b372d79 to remote] http.wire 73 - http-outgoing-0 &lt;&lt; &quot;[\r][\n]&quot;
06-29-2021 12:52:25 Wire.java DEBUG [Forwarding get on session 0fe84b5a5300ad024f85390d0b372d79 to remote] http.wire 87 - http-outgoing-0 &lt;&lt; &quot;{&quot;value&quot;:null}&quot;
06-29-2021 12:52:25 LoggingManagedHttpClientConnection.java DEBUG [Forwarding get on session 0fe84b5a5300ad024f85390d0b372d79 to remote] http.headers 122 - http-outgoing-0 &lt;&lt; HTTP/1.1 200 OK
06-29-2021 12:52:25 LoggingManagedHttpClientConnection.java DEBUG [Forwarding get on session 0fe84b5a5300ad024f85390d0b372d79 to remote] http.headers 125 - http-outgoing-0 &lt;&lt; Content-Length:14
06-29-2021 12:52:25 LoggingManagedHttpClientConnection.java DEBUG [Forwarding get on session 0fe84b5a5300ad024f85390d0b372d79 to remote] http.headers 125 - http-outgoing-0 &lt;&lt; Content-Type:application/json; charset=utf-8
06-29-2021 12:52:25 LoggingManagedHttpClientConnection.java DEBUG [Forwarding get on session 0fe84b5a5300ad024f85390d0b372d79 to remote] http.headers 125 - http-outgoing-0 &lt;&lt; cache-control:no-cache
06-29-2021 12:52:25 MainClientExec.java DEBUG [Forwarding get on session 0fe84b5a5300ad024f85390d0b372d79 to remote] execchain.MainClientExec 285 - Connection can be kept alive indefinitely
06-29-2021 12:52:25 PoolingHttpClientConnectionManager.java DEBUG [Forwarding get on session 0fe84b5a5300ad024f85390d0b372d79 to remote] conn.PoolingHttpClientConnectionManager 320 - Connection [id: 0][route: {}-&gt;http://localhost:38697] can be kept alive indefinitely
06-29-2021 12:52:25 PoolingHttpClientConnectionManager.java DEBUG [Forwarding get on session 0fe84b5a5300ad024f85390d0b372d79 to remote] conn.PoolingHttpClientConnectionManager 326 - Connection released: [id: 0][route: {}-&gt;http://localhost:38697][total kept alive: 1; route allocated: 1 of 2000; total allocated: 1 of 2000]
06-29-2021 12:52:25 RequestAddCookies.java DEBUG [Forwarding maximizeCurrentWindow on session 0fe84b5a5300ad024f85390d0b372d79 to remote] protocol.RequestAddCookies 123 - CookieSpec selected: default
06-29-2021 12:52:25 RequestAuthCache.java DEBUG [Forwarding maximizeCurrentWindow on session 0fe84b5a5300ad024f85390d0b372d79 to remote] protocol.RequestAuthCache 77 - Auth cache not set in the context
06-29-2021 12:52:25 PoolingHttpClientConnectionManager.java DEBUG [Forwarding maximizeCurrentWindow on session 0fe84b5a5300ad024f85390d0b372d79 to remote] conn.PoolingHttpClientConnectionManager 255 - Connection request: [route: {}-&gt;http://localhost:38697][total kept alive: 1; route allocated: 1 of 2000; total allocated: 1 of 2000]
06-29-2021 12:52:25 PoolingHttpClientConnectionManager.java DEBUG [Forwarding maximizeCurrentWindow on session 0fe84b5a5300ad024f85390d0b372d79 to remote] conn.PoolingHttpClientConnectionManager 288 - Connection leased: [id: 0][route: {}-&gt;http://localhost:38697][total kept alive: 0; route allocated: 1 of 2000; total allocated: 1 of 2000]
06-29-2021 12:52:25 MainClientExec.java DEBUG [Forwarding maximizeCurrentWindow on session 0fe84b5a5300ad024f85390d0b372d79 to remote] execchain.MainClientExec 208 - Stale connection check
06-29-2021 12:52:25 Wire.java DEBUG [Forwarding maximizeCurrentWindow on session 0fe84b5a5300ad024f85390d0b372d79 to remote] http.wire 87 - http-outgoing-0 &lt;&lt; &quot;[read] I/O error: Read timed out&quot;
06-29-2021 12:52:25 LoggingManagedHttpClientConnection.java DEBUG [Forwarding maximizeCurrentWindow on session 0fe84b5a5300ad024f85390d0b372d79 to remote] conn.DefaultManagedHttpClientConnection 88 - http-outgoing-0: set socket timeout to 10800000
06-29-2021 12:52:25 MainClientExec.java DEBUG [Forwarding maximizeCurrentWindow on session 0fe84b5a5300ad024f85390d0b372d79 to remote] execchain.MainClientExec 256 - Executing request POST /session/0fe84b5a5300ad024f85390d0b372d79/window/maximize HTTP/1.1
06-29-2021 12:52:25 MainClientExec.java DEBUG [Forwarding maximizeCurrentWindow on session 0fe84b5a5300ad024f85390d0b372d79 to remote] execchain.MainClientExec 261 - Target auth state: UNCHALLENGED
06-29-2021 12:52:25 MainClientExec.java DEBUG [Forwarding maximizeCurrentWindow on session 0fe84b5a5300ad024f85390d0b372d79 to remote] execchain.MainClientExec 267 - Proxy auth state: UNCHALLENGED
06-29-2021 12:52:25 LoggingManagedHttpClientConnection.java DEBUG [Forwarding maximizeCurrentWindow on session 0fe84b5a5300ad024f85390d0b372d79 to remote] http.headers 133 - http-outgoing-0 &gt;&gt; POST /session/0fe84b5a5300ad024f85390d0b372d79/window/maximize HTTP/1.1
06-29-2021 12:52:25 LoggingManagedHttpClientConnection.java DEBUG [Forwarding maximizeCurrentWindow on session 0fe84b5a5300ad024f85390d0b372d79 to remote] http.headers 136 - http-outgoing-0 &gt;&gt; Content-Type: application/json; charset=utf-8
06-29-2021 12:52:25 LoggingManagedHttpClientConnection.java DEBUG [Forwarding maximizeCurrentWindow on session 0fe84b5a5300ad024f85390d0b372d79 to remote] http.headers 136 - http-outgoing-0 &gt;&gt; Content-Length: 2
06-29-2021 12:52:25 LoggingManagedHttpClientConnection.java DEBUG [Forwarding maximizeCurrentWindow on session 0fe84b5a5300ad024f85390d0b372d79 to remote] http.headers 136 - http-outgoing-0 &gt;&gt; Host: localhost:38697
06-29-2021 12:52:25 LoggingManagedHttpClientConnection.java DEBUG [Forwarding maximizeCurrentWindow on session 0fe84b5a5300ad024f85390d0b372d79 to remote] http.headers 136 - http-outgoing-0 &gt;&gt; Connection: Keep-Alive
06-29-2021 12:52:25 LoggingManagedHttpClientConnection.java DEBUG [Forwarding maximizeCurrentWindow on session 0fe84b5a5300ad024f85390d0b372d79 to remote] http.headers 136 - http-outgoing-0 &gt;&gt; User-Agent: Apache-HttpClient/4.5.3 (Java/1.8.0_201)
06-29-2021 12:52:25 LoggingManagedHttpClientConnection.java DEBUG [Forwarding maximizeCurrentWindow on session 0fe84b5a5300ad024f85390d0b372d79 to remote] http.headers 136 - http-outgoing-0 &gt;&gt; Accept-Encoding: gzip,deflate
06-29-2021 12:52:25 Wire.java DEBUG [Forwarding maximizeCurrentWindow on session 0fe84b5a5300ad024f85390d0b372d79 to remote] http.wire 73 - http-outgoing-0 &gt;&gt; &quot;POST /session/0fe84b5a5300ad024f85390d0b372d79/window/maximize HTTP/1.1[\r][\n]&quot;
06-29-2021 12:52:25 Wire.java DEBUG [Forwarding maximizeCurrentWindow on session 0fe84b5a5300ad024f85390d0b372d79 to remote] http.wire 73 - http-outgoing-0 &gt;&gt; &quot;Content-Type: application/json; charset=utf-8[\r][\n]&quot;
06-29-2021 12:52:25 Wire.java DEBUG [Forwarding maximizeCurrentWindow on session 0fe84b5a5300ad024f85390d0b372d79 to remote] http.wire 73 - http-outgoing-0 &gt;&gt; &quot;Content-Length: 2[\r][\n]&quot;
06-29-2021 12:52:25 Wire.java DEBUG [Forwarding maximizeCurrentWindow on session 0fe84b5a5300ad024f85390d0b372d79 to remote] http.wire 73 - http-outgoing-0 &gt;&gt; &quot;Host: localhost:38697[\r][\n]&quot;
06-29-2021 12:52:25 Wire.java DEBUG [Forwarding maximizeCurrentWindow on session 0fe84b5a5300ad024f85390d0b372d79 to remote] http.wire 73 - http-outgoing-0 &gt;&gt; &quot;Connection: Keep-Alive[\r][\n]&quot;
06-29-2021 12:52:25 Wire.java DEBUG [Forwarding maximizeCurrentWindow on session 0fe84b5a5300ad024f85390d0b372d79 to remote] http.wire 73 - http-outgoing-0 &gt;&gt; &quot;User-Agent: Apache-HttpClient/4.5.3 (Java/1.8.0_201)[\r][\n]&quot;
06-29-2021 12:52:25 Wire.java DEBUG [Forwarding maximizeCurrentWindow on session 0fe84b5a5300ad024f85390d0b372d79 to remote] http.wire 73 - http-outgoing-0 &gt;&gt; &quot;Accept-Encoding: gzip,deflate[\r][\n]&quot;
06-29-2021 12:52:25 Wire.java DEBUG [Forwarding maximizeCurrentWindow on session 0fe84b5a5300ad024f85390d0b372d79 to remote] http.wire 73 - http-outgoing-0 &gt;&gt; &quot;[\r][\n]&quot;
06-29-2021 12:52:25 Wire.java DEBUG [Forwarding maximizeCurrentWindow on session 0fe84b5a5300ad024f85390d0b372d79 to remote] http.wire 87 - http-outgoing-0 &gt;&gt; &quot;{}&quot;
06-29-2021 12:52:25 Wire.java DEBUG [Forwarding maximizeCurrentWindow on session 0fe84b5a5300ad024f85390d0b372d79 to remote] http.wire 73 - http-outgoing-0 &lt;&lt; &quot;HTTP/1.1 200 OK[\r][\n]&quot;
06-29-2021 12:52:25 Wire.java DEBUG [Forwarding maximizeCurrentWindow on session 0fe84b5a5300ad024f85390d0b372d79 to remote] http.wire 73 - http-outgoing-0 &lt;&lt; &quot;Content-Length:51[\r][\n]&quot;
06-29-2021 12:52:25 Wire.java DEBUG [Forwarding maximizeCurrentWindow on session 0fe84b5a5300ad024f85390d0b372d79 to remote] http.wire 73 - http-outgoing-0 &lt;&lt; &quot;Content-Type:application/json; charset=utf-8[\r][\n]&quot;
06-29-2021 12:52:25 Wire.java DEBUG [Forwarding maximizeCurrentWindow on session 0fe84b5a5300ad024f85390d0b372d79 to remote] http.wire 73 - http-outgoing-0 &lt;&lt; &quot;cache-control:no-cache[\r][\n]&quot;
06-29-2021 12:52:25 Wire.java DEBUG [Forwarding maximizeCurrentWindow on session 0fe84b5a5300ad024f85390d0b372d79 to remote] http.wire 73 - http-outgoing-0 &lt;&lt; &quot;[\r][\n]&quot;
06-29-2021 12:52:25 Wire.java DEBUG [Forwarding maximizeCurrentWindow on session 0fe84b5a5300ad024f85390d0b372d79 to remote] http.wire 87 - http-outgoing-0 &lt;&lt; &quot;{&quot;value&quot;:{&quot;height&quot;:784,&quot;width&quot;:1040,&quot;x&quot;:-8,&quot;y&quot;:-8}}&quot;
06-29-2021 12:52:25 LoggingManagedHttpClientConnection.java DEBUG [Forwarding maximizeCurrentWindow on session 0fe84b5a5300ad024f85390d0b372d79 to remote] http.headers 122 - http-outgoing-0 &lt;&lt; HTTP/1.1 200 OK
06-29-2021 12:52:25 LoggingManagedHttpClientConnection.java DEBUG [Forwarding maximizeCurrentWindow on session 0fe84b5a5300ad024f85390d0b372d79 to remote] http.headers 125 - http-outgoing-0 &lt;&lt; Content-Length:51
06-29-2021 12:52:25 LoggingManagedHttpClientConnection.java DEBUG [Forwarding maximizeCurrentWindow on session 0fe84b5a5300ad024f85390d0b372d79 to remote] http.headers 125 - http-outgoing-0 &lt;&lt; Content-Type:application/json; charset=utf-8
06-29-2021 12:52:25 LoggingManagedHttpClientConnection.java DEBUG [Forwarding maximizeCurrentWindow on session 0fe84b5a5300ad024f85390d0b372d79 to remote] http.headers 125 - http-outgoing-0 &lt;&lt; cache-control:no-cache
06-29-2021 12:52:25 MainClientExec.java DEBUG [Forwarding maximizeCurrentWindow on session 0fe84b5a5300ad024f85390d0b372d79 to remote] execchain.MainClientExec 285 - Connection can be kept alive indefinitely
06-29-2021 12:52:25 PoolingHttpClientConnectionManager.java DEBUG [Forwarding maximizeCurrentWindow on session 0fe84b5a5300ad024f85390d0b372d79 to remote] conn.PoolingHttpClientConnectionManager 320 - Connection [id: 0][route: {}-&gt;http://localhost:38697] can be kept alive indefinitely
06-29-2021 12:52:25 PoolingHttpClientConnectionManager.java DEBUG [Forwarding maximizeCurrentWindow on session 0fe84b5a5300ad024f85390d0b372d79 to remote] conn.PoolingHttpClientConnectionManager 326 - Connection released: [id: 0][route: {}-&gt;http://localhost:38697][total kept alive: 1; route allocated: 1 of 2000; total allocated: 1 of 2000]
06-29-2021 12:52:29 RequestAddCookies.java DEBUG [Forwarding findElement on session 0fe84b5a5300ad024f85390d0b372d79 to remote] protocol.RequestAddCookies 123 - CookieSpec selected: default
06-29-2021 12:52:29 RequestAuthCache.java DEBUG [Forwarding findElement on session 0fe84b5a5300ad024f85390d0b372d79 to remote] protocol.RequestAuthCache 77 - Auth cache not set in the context
06-29-2021 12:52:29 PoolingHttpClientConnectionManager.java DEBUG [Forwarding findElement on session 0fe84b5a5300ad024f85390d0b372d79 to remote] conn.PoolingHttpClientConnectionManager 255 - Connection request: [route: {}-&gt;http://localhost:38697][total kept alive: 1; route allocated: 1 of 2000; total allocated: 1 of 2000]
06-29-2021 12:52:29 Wire.java DEBUG [Forwarding findElement on session 0fe84b5a5300ad024f85390d0b372d79 to remote] http.wire 87 - http-outgoing-0 &lt;&lt; &quot;[read] I/O error: Read timed out&quot;
06-29-2021 12:52:29 PoolingHttpClientConnectionManager.java DEBUG [Forwarding findElement on session 0fe84b5a5300ad024f85390d0b372d79 to remote] conn.PoolingHttpClientConnectionManager 288 - Connection leased: [id: 0][route: {}-&gt;http://localhost:38697][total kept alive: 0; route allocated: 1 of 2000; total allocated: 1 of 2000]
06-29-2021 12:52:29 MainClientExec.java DEBUG [Forwarding findElement on session 0fe84b5a5300ad024f85390d0b372d79 to remote] execchain.MainClientExec 208 - Stale connection check
06-29-2021 12:52:29 Wire.java DEBUG [Forwarding findElement on session 0fe84b5a5300ad024f85390d0b372d79 to remote] http.wire 87 - http-outgoing-0 &lt;&lt; &quot;[read] I/O error: Read timed out&quot;
06-29-2021 12:52:29 LoggingManagedHttpClientConnection.java DEBUG [Forwarding findElement on session 0fe84b5a5300ad024f85390d0b372d79 to remote] conn.DefaultManagedHttpClientConnection 88 - http-outgoing-0: set socket timeout to 10800000
06-29-2021 12:52:29 MainClientExec.java DEBUG [Forwarding findElement on session 0fe84b5a5300ad024f85390d0b372d79 to remote] execchain.MainClientExec 256 - Executing request POST /session/0fe84b5a5300ad024f85390d0b372d79/element HTTP/1.1
06-29-2021 12:52:29 MainClientExec.java DEBUG [Forwarding findElement on session 0fe84b5a5300ad024f85390d0b372d79 to remote] execchain.MainClientExec 261 - Target auth state: UNCHALLENGED
06-29-2021 12:52:29 MainClientExec.java DEBUG [Forwarding findElement on session 0fe84b5a5300ad024f85390d0b372d79 to remote] execchain.MainClientExec 267 - Proxy auth state: UNCHALLENGED
06-29-2021 12:52:29 LoggingManagedHttpClientConnection.java DEBUG [Forwarding findElement on session 0fe84b5a5300ad024f85390d0b372d79 to remote] http.headers 133 - http-outgoing-0 &gt;&gt; POST /session/0fe84b5a5300ad024f85390d0b372d79/element HTTP/1.1
06-29-2021 12:52:29 LoggingManagedHttpClientConnection.java DEBUG [Forwarding findElement on session 0fe84b5a5300ad024f85390d0b372d79 to remote] http.headers 136 - http-outgoing-0 &gt;&gt; Content-Type: application/json; charset=utf-8
06-29-2021 12:52:29 LoggingManagedHttpClientConnection.java DEBUG [Forwarding findElement on session 0fe84b5a5300ad024f85390d0b372d79 to remote] http.headers 136 - http-outgoing-0 &gt;&gt; Content-Length: 75
06-29-2021 12:52:29 LoggingManagedHttpClientConnection.java DEBUG [Forwarding findElement on session 0fe84b5a5300ad024f85390d0b372d79 to remote] http.headers 136 - http-outgoing-0 &gt;&gt; Host: localhost:38697
06-29-2021 12:52:29 LoggingManagedHttpClientConnection.java DEBUG [Forwarding findElement on session 0fe84b5a5300ad024f85390d0b372d79 to remote] http.headers 136 - http-outgoing-0 &gt;&gt; Connection: Keep-Alive
06-29-2021 12:52:29 LoggingManagedHttpClientConnection.java DEBUG [Forwarding findElement on session 0fe84b5a5300ad024f85390d0b372d79 to remote] http.headers 136 - http-outgoing-0 &gt;&gt; User-Agent: Apache-HttpClient/4.5.3 (Java/1.8.0_201)
06-29-2021 12:52:29 LoggingManagedHttpClientConnection.java DEBUG [Forwarding findElement on session 0fe84b5a5300ad024f85390d0b372d79 to remote] http.headers 136 - http-outgoing-0 &gt;&gt; Accept-Encoding: gzip,deflate
06-29-2021 12:52:29 Wire.java DEBUG [Forwarding findElement on session 0fe84b5a5300ad024f85390d0b372d79 to remote] http.wire 73 - http-outgoing-0 &gt;&gt; &quot;POST /session/0fe84b5a5300ad024f85390d0b372d79/element HTTP/1.1[\r][\n]&quot;
06-29-2021 12:52:29 Wire.java DEBUG [Forwarding findElement on session 0fe84b5a5300ad024f85390d0b372d79 to remote] http.wire 73 - http-outgoing-0 &gt;&gt; &quot;Content-Type: application/json; charset=utf-8[\r][\n]&quot;
06-29-2021 12:52:29 Wire.java DEBUG [Forwarding findElement on session 0fe84b5a5300ad024f85390d0b372d79 to remote] http.wire 73 - http-outgoing-0 &gt;&gt; &quot;Content-Length: 75[\r][\n]&quot;
06-29-2021 12:52:29 Wire.java DEBUG [Forwarding findElement on session 0fe84b5a5300ad024f85390d0b372d79 to remote] http.wire 73 - http-outgoing-0 &gt;&gt; &quot;Host: localhost:38697[\r][\n]&quot;
06-29-2021 12:52:29 Wire.java DEBUG [Forwarding findElement on session 0fe84b5a5300ad024f85390d0b372d79 to remote] http.wire 73 - http-outgoing-0 &gt;&gt; &quot;Connection: Keep-Alive[\r][\n]&quot;
06-29-2021 12:52:29 Wire.java DEBUG [Forwarding findElement on session 0fe84b5a5300ad024f85390d0b372d79 to remote] http.wire 73 - http-outgoing-0 &gt;&gt; &quot;User-Agent: Apache-HttpClient/4.5.3 (Java/1.8.0_201)[\r][\n]&quot;
06-29-2021 12:52:29 Wire.java DEBUG [Forwarding findElement on session 0fe84b5a5300ad024f85390d0b372d79 to remote] http.wire 73 - http-outgoing-0 &gt;&gt; &quot;Accept-Encoding: gzip,deflate[\r][\n]&quot;
06-29-2021 12:52:29 Wire.java DEBUG [Forwarding findElement on session 0fe84b5a5300ad024f85390d0b372d79 to remote] http.wire 73 - http-outgoing-0 &gt;&gt; &quot;[\r][\n]&quot;
06-29-2021 12:52:29 Wire.java DEBUG [Forwarding findElement on session 0fe84b5a5300ad024f85390d0b372d79 to remote] http.wire 87 - http-outgoing-0 &gt;&gt; &quot;{&quot;value&quot;:&quot;//input[@class\u003d\u0027_2IX_2- VJZDxU\u0027]&quot;,&quot;using&quot;:&quot;xpath&quot;}&quot;
06-29-2021 12:52:29 Wire.java DEBUG [Forwarding findElement on session 0fe84b5a5300ad024f85390d0b372d79 to remote] http.wire 73 - http-outgoing-0 &lt;&lt; &quot;HTTP/1.1 200 OK[\r][\n]&quot;
06-29-2021 12:52:29 Wire.java DEBUG [Forwarding findElement on session 0fe84b5a5300ad024f85390d0b372d79 to remote] http.wire 73 - http-outgoing-0 &lt;&lt; &quot;Content-Length:88[\r][\n]&quot;
06-29-2021 12:52:29 Wire.java DEBUG [Forwarding findElement on session 0fe84b5a5300ad024f85390d0b372d79 to remote] http.wire 73 - http-outgoing-0 &lt;&lt; &quot;Content-Type:application/json; charset=utf-8[\r][\n]&quot;
06-29-2021 12:52:29 Wire.java DEBUG [Forwarding findElement on session 0fe84b5a5300ad024f85390d0b372d79 to remote] http.wire 73 - http-outgoing-0 &lt;&lt; &quot;cache-control:no-cache[\r][\n]&quot;
06-29-2021 12:52:29 Wire.java DEBUG [Forwarding findElement on session 0fe84b5a5300ad024f85390d0b372d79 to remote] http.wire 73 - http-outgoing-0 &lt;&lt; &quot;[\r][\n]&quot;
06-29-2021 12:52:29 Wire.java DEBUG [Forwarding findElement on session 0fe84b5a5300ad024f85390d0b372d79 to remote] http.wire 87 - http-outgoing-0 &lt;&lt; &quot;{&quot;value&quot;:{&quot;element-6066-11e4-a52e-4f735466cecf&quot;:&quot;7f1d5a5e-93d4-4dc0-b474-4005e9d7b83a&quot;}}&quot;
06-29-2021 12:52:29 LoggingManagedHttpClientConnection.java DEBUG [Forwarding findElement on session 0fe84b5a5300ad024f85390d0b372d79 to remote] http.headers 122 - http-outgoing-0 &lt;&lt; HTTP/1.1 200 OK
06-29-2021 12:52:29 LoggingManagedHttpClientConnection.java DEBUG [Forwarding findElement on session 0fe84b5a5300ad024f85390d0b372d79 to remote] http.headers 125 - http-outgoing-0 &lt;&lt; Content-Length:88
06-29-2021 12:52:29 LoggingManagedHttpClientConnection.java DEBUG [Forwarding findElement on session 0fe84b5a5300ad024f85390d0b372d79 to remote] http.headers 125 - http-outgoing-0 &lt;&lt; Content-Type:application/json; charset=utf-8
06-29-2021 12:52:29 LoggingManagedHttpClientConnection.java DEBUG [Forwarding findElement on session 0fe84b5a5300ad024f85390d0b372d79 to remote] http.headers 125 - http-outgoing-0 &lt;&lt; cache-control:no-cache
06-29-2021 12:52:29 MainClientExec.java DEBUG [Forwarding findElement on session 0fe84b5a5300ad024f85390d0b372d79 to remote] execchain.MainClientExec 285 - Connection can be kept alive indefinitely
06-29-2021 12:52:29 PoolingHttpClientConnectionManager.java DEBUG [Forwarding findElement on session 0fe84b5a5300ad024f85390d0b372d79 to remote] conn.PoolingHttpClientConnectionManager 320 - Connection [id: 0][route: {}-&gt;http://localhost:38697] can be kept alive indefinitely
06-29-2021 12:52:29 PoolingHttpClientConnectionManager.java DEBUG [Forwarding findElement on session 0fe84b5a5300ad024f85390d0b372d79 to remote] conn.PoolingHttpClientConnectionManager 326 - Connection released: [id: 0][route: {}-&gt;http://localhost:38697][total kept alive: 1; route allocated: 1 of 2000; total allocated: 1 of 2000]
06-29-2021 12:52:29 RequestAddCookies.java DEBUG [Forwarding sendKeysToElement on session 0fe84b5a5300ad024f85390d0b372d79 to remote] protocol.RequestAddCookies 123 - CookieSpec selected: default
06-29-2021 12:52:29 RequestAuthCache.java DEBUG [Forwarding sendKeysToElement on session 0fe84b5a5300ad024f85390d0b372d79 to remote] protocol.RequestAuthCache 77 - Auth cache not set in the context
06-29-2021 12:52:29 PoolingHttpClientConnectionManager.java DEBUG [Forwarding sendKeysToElement on session 0fe84b5a5300ad024f85390d0b372d79 to remote] conn.PoolingHttpClientConnectionManager 255 - Connection request: [route: {}-&gt;http://localhost:38697][total kept alive: 1; route allocated: 1 of 2000; total allocated: 1 of 2000]
06-29-2021 12:52:29 PoolingHttpClientConnectionManager.java DEBUG [Forwarding sendKeysToElement on session 0fe84b5a5300ad024f85390d0b372d79 to remote] conn.PoolingHttpClientConnectionManager 288 - Connection leased: [id: 0][route: {}-&gt;http://localhost:38697][total kept alive: 0; route allocated: 1 of 2000; total allocated: 1 of 2000]
06-29-2021 12:52:29 MainClientExec.java DEBUG [Forwarding sendKeysToElement on session 0fe84b5a5300ad024f85390d0b372d79 to remote] execchain.MainClientExec 208 - Stale connection check
06-29-2021 12:52:29 Wire.java DEBUG [Forwarding sendKeysToElement on session 0fe84b5a5300ad024f85390d0b372d79 to remote] http.wire 87 - http-outgoing-0 &lt;&lt; &quot;[read] I/O error: Read timed out&quot;
06-29-2021 12:52:29 LoggingManagedHttpClientConnection.java DEBUG [Forwarding sendKeysToElement on session 0fe84b5a5300ad024f85390d0b372d79 to remote] conn.DefaultManagedHttpClientConnection 88 - http-outgoing-0: set socket timeout to 10800000
06-29-2021 12:52:29 MainClientExec.java DEBUG [Forwarding sendKeysToElement on session 0fe84b5a5300ad024f85390d0b372d79 to remote] execchain.MainClientExec 256 - Executing request POST /session/0fe84b5a5300ad024f85390d0b372d79/element/7f1d5a5e-93d4-4dc0-b474-4005e9d7b83a/value HTTP/1.1
06-29-2021 12:52:29 MainClientExec.java DEBUG [Forwarding sendKeysToElement on session 0fe84b5a5300ad024f85390d0b372d79 to remote] execchain.MainClientExec 261 - Target auth state: UNCHALLENGED
06-29-2021 12:52:29 MainClientExec.java DEBUG [Forwarding sendKeysToElement on session 0fe84b5a5300ad024f85390d0b372d79 to remote] execchain.MainClientExec 267 - Proxy auth state: UNCHALLENGED
06-29-2021 12:52:29 LoggingManagedHttpClientConnection.java DEBUG [Forwarding sendKeysToElement on session 0fe84b5a5300ad024f85390d0b372d79 to remote] http.headers 133 - http-outgoing-0 &gt;&gt; POST /session/0fe84b5a5300ad024f85390d0b372d79/element/7f1d5a5e-93d4-4dc0-b474-4005e9d7b83a/value HTTP/1.1
06-29-2021 12:52:29 LoggingManagedHttpClientConnection.java DEBUG [Forwarding sendKeysToElement on session 0fe84b5a5300ad024f85390d0b372d79 to remote] http.headers 136 - http-outgoing-0 &gt;&gt; Content-Type: application/json; charset=utf-8
06-29-2021 12:52:29 LoggingManagedHttpClientConnection.java DEBUG [Forwarding sendKeysToElement on session 0fe84b5a5300ad024f85390d0b372d79 to remote] http.headers 136 - http-outgoing-0 &gt;&gt; Content-Length: 170
06-29-2021 12:52:29 LoggingManagedHttpClientConnection.java DEBUG [Forwarding sendKeysToElement on session 0fe84b5a5300ad024f85390d0b372d79 to remote] http.headers 136 - http-outgoing-0 &gt;&gt; Host: localhost:38697
06-29-2021 12:52:29 LoggingManagedHttpClientConnection.java DEBUG [Forwarding sendKeysToElement on session 0fe84b5a5300ad024f85390d0b372d79 to remote] http.headers 136 - http-outgoing-0 &gt;&gt; Connection: Keep-Alive
06-29-2021 12:52:29 LoggingManagedHttpClientConnection.java DEBUG [Forwarding sendKeysToElement on session 0fe84b5a5300ad024f85390d0b372d79 to remote] http.headers 136 - http-outgoing-0 &gt;&gt; User-Agent: Apache-HttpClient/4.5.3 (Java/1.8.0_201)
06-29-2021 12:52:29 LoggingManagedHttpClientConnection.java DEBUG [Forwarding sendKeysToElement on session 0fe84b5a5300ad024f85390d0b372d79 to remote] http.headers 136 - http-outgoing-0 &gt;&gt; Accept-Encoding: gzip,deflate
06-29-2021 12:52:29 Wire.java DEBUG [Forwarding sendKeysToElement on session 0fe84b5a5300ad024f85390d0b372d79 to remote] http.wire 73 - http-outgoing-0 &gt;&gt; &quot;POST /session/0fe84b5a5300ad024f85390d0b372d79/element/7f1d5a5e-93d4-4dc0-b474-4005e9d7b83a/value HTTP/1.1[\r][\n]&quot;
06-29-2021 12:52:29 Wire.java DEBUG [Forwarding sendKeysToElement on session 0fe84b5a5300ad024f85390d0b372d79 to remote] http.wire 73 - http-outgoing-0 &gt;&gt; &quot;Content-Type: application/json; charset=utf-8[\r][\n]&quot;
06-29-2021 12:52:29 Wire.java DEBUG [Forwarding sendKeysToElement on session 0fe84b5a5300ad024f85390d0b372d79 to remote] http.wire 73 - http-outgoing-0 &gt;&gt; &quot;Content-Length: 170[\r][\n]&quot;
06-29-2021 12:52:29 Wire.java DEBUG [Forwarding sendKeysToElement on session 0fe84b5a5300ad024f85390d0b372d79 to remote] http.wire 73 - http-outgoing-0 &gt;&gt; &quot;Host: localhost:38697[\r][\n]&quot;
06-29-2021 12:52:29 Wire.java DEBUG [Forwarding sendKeysToElement on session 0fe84b5a5300ad024f85390d0b372d79 to remote] http.wire 73 - http-outgoing-0 &gt;&gt; &quot;Connection: Keep-Alive[\r][\n]&quot;
06-29-2021 12:52:29 Wire.java DEBUG [Forwarding sendKeysToElement on session 0fe84b5a5300ad024f85390d0b372d79 to remote] http.wire 73 - http-outgoing-0 &gt;&gt; &quot;User-Agent: Apache-HttpClient/4.5.3 (Java/1.8.0_201)[\r][\n]&quot;
06-29-2021 12:52:29 Wire.java DEBUG [Forwarding sendKeysToElement on session 0fe84b5a5300ad024f85390d0b372d79 to remote] http.wire 73 - http-outgoing-0 &gt;&gt; &quot;Accept-Encoding: gzip,deflate[\r][\n]&quot;
06-29-2021 12:52:29 Wire.java DEBUG [Forwarding sendKeysToElement on session 0fe84b5a5300ad024f85390d0b372d79 to remote] http.wire 73 - http-outgoing-0 &gt;&gt; &quot;[\r][\n]&quot;
06-29-2021 12:52:29 Wire.java DEBUG [Forwarding sendKeysToElement on session 0fe84b5a5300ad024f85390d0b372d79 to remote] http.wire 87 - http-outgoing-0 &gt;&gt; &quot;{&quot;id&quot;:&quot;7f1d5a5e-93d4-4dc0-b474-4005e9d7b83a&quot;,&quot;text&quot;:&quot;suryaann535@gmail.com&quot;,&quot;value&quot;:[&quot;s&quot;,&quot;u&quot;,&quot;r&quot;,&quot;y&quot;,&quot;a&quot;,&quot;a&quot;,&quot;n&quot;,&quot;n&quot;,&quot;5&quot;,&quot;3&quot;,&quot;5&quot;,&quot;@&quot;,&quot;g&quot;,&quot;m&quot;,&quot;a&quot;,&quot;i&quot;,&quot;l&quot;,&quot;.&quot;,&quot;c&quot;,&quot;o&quot;,&quot;m&quot;]}&quot;
06-29-2021 12:52:30 Wire.java DEBUG [Forwarding sendKeysToElement on session 0fe84b5a5300ad024f85390d0b372d79 to remote] http.wire 73 - http-outgoing-0 &lt;&lt; &quot;HTTP/1.1 200 OK[\r][\n]&quot;
06-29-2021 12:52:30 Wire.java DEBUG [Forwarding sendKeysToElement on session 0fe84b5a5300ad024f85390d0b372d79 to remote] http.wire 73 - http-outgoing-0 &lt;&lt; &quot;Content-Length:14[\r][\n]&quot;
06-29-2021 12:52:30 Wire.java DEBUG [Forwarding sendKeysToElement on session 0fe84b5a5300ad024f85390d0b372d79 to remote] http.wire 73 - http-outgoing-0 &lt;&lt; &quot;Content-Type:application/json; charset=utf-8[\r][\n]&quot;
06-29-2021 12:52:30 Wire.java DEBUG [Forwarding sendKeysToElement on session 0fe84b5a5300ad024f85390d0b372d79 to remote] http.wire 73 - http-outgoing-0 &lt;&lt; &quot;cache-control:no-cache[\r][\n]&quot;
06-29-2021 12:52:30 Wire.java DEBUG [Forwarding sendKeysToElement on session 0fe84b5a5300ad024f85390d0b372d79 to remote] http.wire 73 - http-outgoing-0 &lt;&lt; &quot;[\r][\n]&quot;
06-29-2021 12:52:30 Wire.java DEBUG [Forwarding sendKeysToElement on session 0fe84b5a5300ad024f85390d0b372d79 to remote] http.wire 87 - http-outgoing-0 &lt;&lt; &quot;{&quot;value&quot;:null}&quot;
06-29-2021 12:52:30 LoggingManagedHttpClientConnection.java DEBUG [Forwarding sendKeysToElement on session 0fe84b5a5300ad024f85390d0b372d79 to remote] http.headers 122 - http-outgoing-0 &lt;&lt; HTTP/1.1 200 OK
06-29-2021 12:52:30 LoggingManagedHttpClientConnection.java DEBUG [Forwarding sendKeysToElement on session 0fe84b5a5300ad024f85390d0b372d79 to remote] http.headers 125 - http-outgoing-0 &lt;&lt; Content-Length:14
06-29-2021 12:52:30 LoggingManagedHttpClientConnection.java DEBUG [Forwarding sendKeysToElement on session 0fe84b5a5300ad024f85390d0b372d79 to remote] http.headers 125 - http-outgoing-0 &lt;&lt; Content-Type:application/json; charset=utf-8
06-29-2021 12:52:30 LoggingManagedHttpClientConnection.java DEBUG [Forwarding sendKeysToElement on session 0fe84b5a5300ad024f85390d0b372d79 to remote] http.headers 125 - http-outgoing-0 &lt;&lt; cache-control:no-cache
06-29-2021 12:52:30 MainClientExec.java DEBUG [Forwarding sendKeysToElement on session 0fe84b5a5300ad024f85390d0b372d79 to remote] execchain.MainClientExec 285 - Connection can be kept alive indefinitely
06-29-2021 12:52:30 PoolingHttpClientConnectionManager.java DEBUG [Forwarding sendKeysToElement on session 0fe84b5a5300ad024f85390d0b372d79 to remote] conn.PoolingHttpClientConnectionManager 320 - Connection [id: 0][route: {}-&gt;http://localhost:38697] can be kept alive indefinitely
06-29-2021 12:52:30 PoolingHttpClientConnectionManager.java DEBUG [Forwarding sendKeysToElement on session 0fe84b5a5300ad024f85390d0b372d79 to remote] conn.PoolingHttpClientConnectionManager 326 - Connection released: [id: 0][route: {}-&gt;http://localhost:38697][total kept alive: 1; route allocated: 1 of 2000; total allocated: 1 of 2000]
06-29-2021 12:52:30 RequestAddCookies.java DEBUG [Forwarding findElement on session 0fe84b5a5300ad024f85390d0b372d79 to remote] protocol.RequestAddCookies 123 - CookieSpec selected: default
06-29-2021 12:52:30 RequestAuthCache.java DEBUG [Forwarding findElement on session 0fe84b5a5300ad024f85390d0b372d79 to remote] protocol.RequestAuthCache 77 - Auth cache not set in the context
06-29-2021 12:52:30 PoolingHttpClientConnectionManager.java DEBUG [Forwarding findElement on session 0fe84b5a5300ad024f85390d0b372d79 to remote] conn.PoolingHttpClientConnectionManager 255 - Connection request: [route: {}-&gt;http://localhost:38697][total kept alive: 1; route allocated: 1 of 2000; total allocated: 1 of 2000]
06-29-2021 12:52:30 PoolingHttpClientConnectionManager.java DEBUG [Forwarding findElement on session 0fe84b5a5300ad024f85390d0b372d79 to remote] conn.PoolingHttpClientConnectionManager 288 - Connection leased: [id: 0][route: {}-&gt;http://localhost:38697][total kept alive: 0; route allocated: 1 of 2000; total allocated: 1 of 2000]
06-29-2021 12:52:30 MainClientExec.java DEBUG [Forwarding findElement on session 0fe84b5a5300ad024f85390d0b372d79 to remote] execchain.MainClientExec 208 - Stale connection check
06-29-2021 12:52:30 Wire.java DEBUG [Forwarding findElement on session 0fe84b5a5300ad024f85390d0b372d79 to remote] http.wire 87 - http-outgoing-0 &lt;&lt; &quot;[read] I/O error: Read timed out&quot;
06-29-2021 12:52:30 LoggingManagedHttpClientConnection.java DEBUG [Forwarding findElement on session 0fe84b5a5300ad024f85390d0b372d79 to remote] conn.DefaultManagedHttpClientConnection 88 - http-outgoing-0: set socket timeout to 10800000
06-29-2021 12:52:30 MainClientExec.java DEBUG [Forwarding findElement on session 0fe84b5a5300ad024f85390d0b372d79 to remote] execchain.MainClientExec 256 - Executing request POST /session/0fe84b5a5300ad024f85390d0b372d79/element HTTP/1.1
06-29-2021 12:52:30 MainClientExec.java DEBUG [Forwarding findElement on session 0fe84b5a5300ad024f85390d0b372d79 to remote] execchain.MainClientExec 261 - Target auth state: UNCHALLENGED
06-29-2021 12:52:30 MainClientExec.java DEBUG [Forwarding findElement on session 0fe84b5a5300ad024f85390d0b372d79 to remote] execchain.MainClientExec 267 - Proxy auth state: UNCHALLENGED
06-29-2021 12:52:30 LoggingManagedHttpClientConnection.java DEBUG [Forwarding findElement on session 0fe84b5a5300ad024f85390d0b372d79 to remote] http.headers 133 - http-outgoing-0 &gt;&gt; POST /session/0fe84b5a5300ad024f85390d0b372d79/element HTTP/1.1
06-29-2021 12:52:30 LoggingManagedHttpClientConnection.java DEBUG [Forwarding findElement on session 0fe84b5a5300ad024f85390d0b372d79 to remote] http.headers 136 - http-outgoing-0 &gt;&gt; Content-Type: application/json; charset=utf-8
06-29-2021 12:52:30 LoggingManagedHttpClientConnection.java DEBUG [Forwarding findElement on session 0fe84b5a5300ad024f85390d0b372d79 to remote] http.headers 136 - http-outgoing-0 &gt;&gt; Content-Length: 83
06-29-2021 12:52:30 LoggingManagedHttpClientConnection.java DEBUG [Forwarding findElement on session 0fe84b5a5300ad024f85390d0b372d79 to remote] http.headers 136 - http-outgoing-0 &gt;&gt; Host: localhost:38697
06-29-2021 12:52:30 LoggingManagedHttpClientConnection.java DEBUG [Forwarding findElement on session 0fe84b5a5300ad024f85390d0b372d79 to remote] http.headers 136 - http-outgoing-0 &gt;&gt; Connection: Keep-Alive
06-29-2021 12:52:30 LoggingManagedHttpClientConnection.java DEBUG [Forwarding findElement on session 0fe84b5a5300ad024f85390d0b372d79 to remote] http.headers 136 - http-outgoing-0 &gt;&gt; User-Agent: Apache-HttpClient/4.5.3 (Java/1.8.0_201)
06-29-2021 12:52:30 LoggingManagedHttpClientConnection.java DEBUG [Forwarding findElement on session 0fe84b5a5300ad024f85390d0b372d79 to remote] http.headers 136 - http-outgoing-0 &gt;&gt; Accept-Encoding: gzip,deflate
06-29-2021 12:52:30 Wire.java DEBUG [Forwarding findElement on session 0fe84b5a5300ad024f85390d0b372d79 to remote] http.wire 73 - http-outgoing-0 &gt;&gt; &quot;POST /session/0fe84b5a5300ad024f85390d0b372d79/element HTTP/1.1[\r][\n]&quot;
06-29-2021 12:52:30 Wire.java DEBUG [Forwarding findElement on session 0fe84b5a5300ad024f85390d0b372d79 to remote] http.wire 73 - http-outgoing-0 &gt;&gt; &quot;Content-Type: application/json; charset=utf-8[\r][\n]&quot;
06-29-2021 12:52:30 Wire.java DEBUG [Forwarding findElement on session 0fe84b5a5300ad024f85390d0b372d79 to remote] http.wire 73 - http-outgoing-0 &gt;&gt; &quot;Content-Length: 83[\r][\n]&quot;
06-29-2021 12:52:30 Wire.java DEBUG [Forwarding findElement on session 0fe84b5a5300ad024f85390d0b372d79 to remote] http.wire 73 - http-outgoing-0 &gt;&gt; &quot;Host: localhost:38697[\r][\n]&quot;
06-29-2021 12:52:30 Wire.java DEBUG [Forwarding findElement on session 0fe84b5a5300ad024f85390d0b372d79 to remote] http.wire 73 - http-outgoing-0 &gt;&gt; &quot;Connection: Keep-Alive[\r][\n]&quot;
06-29-2021 12:52:30 Wire.java DEBUG [Forwarding findElement on session 0fe84b5a5300ad024f85390d0b372d79 to remote] http.wire 73 - http-outgoing-0 &gt;&gt; &quot;User-Agent: Apache-HttpClient/4.5.3 (Java/1.8.0_201)[\r][\n]&quot;
06-29-2021 12:52:30 Wire.java DEBUG [Forwarding findElement on session 0fe84b5a5300ad024f85390d0b372d79 to remote] http.wire 73 - http-outgoing-0 &gt;&gt; &quot;Accept-Encoding: gzip,deflate[\r][\n]&quot;
06-29-2021 12:52:30 Wire.java DEBUG [Forwarding findElement on session 0fe84b5a5300ad024f85390d0b372d79 to remote] http.wire 73 - http-outgoing-0 &gt;&gt; &quot;[\r][\n]&quot;
06-29-2021 12:52:30 Wire.java DEBUG [Forwarding findElement on session 0fe84b5a5300ad024f85390d0b372d79 to remote] http.wire 87 - http-outgoing-0 &gt;&gt; &quot;{&quot;value&quot;:&quot;//input[@class\u003d\u0027_2IX_2- _3mctLh VJZDxU\u0027]&quot;,&quot;using&quot;:&quot;xpath&quot;}&quot;
06-29-2021 12:52:30 Wire.java DEBUG [Forwarding findElement on session 0fe84b5a5300ad024f85390d0b372d79 to remote] http.wire 73 - http-outgoing-0 &lt;&lt; &quot;HTTP/1.1 200 OK[\r][\n]&quot;
06-29-2021 12:52:30 Wire.java DEBUG [Forwarding findElement on session 0fe84b5a5300ad024f85390d0b372d79 to remote] http.wire 73 - http-outgoing-0 &lt;&lt; &quot;Content-Length:88[\r][\n]&quot;
06-29-2021 12:52:30 Wire.java DEBUG [Forwarding findElement on session 0fe84b5a5300ad024f85390d0b372d79 to remote] http.wire 73 - http-outgoing-0 &lt;&lt; &quot;Content-Type:application/json; charset=utf-8[\r][\n]&quot;
06-29-2021 12:52:30 Wire.java DEBUG [Forwarding findElement on session 0fe84b5a5300ad024f85390d0b372d79 to remote] http.wire 73 - http-outgoing-0 &lt;&lt; &quot;cache-control:no-cache[\r][\n]&quot;
06-29-2021 12:52:30 Wire.java DEBUG [Forwarding findElement on session 0fe84b5a5300ad024f85390d0b372d79 to remote] http.wire 73 - http-outgoing-0 &lt;&lt; &quot;[\r][\n]&quot;
06-29-2021 12:52:30 Wire.java DEBUG [Forwarding findElement on session 0fe84b5a5300ad024f85390d0b372d79 to remote] http.wire 87 - http-outgoing-0 &lt;&lt; &quot;{&quot;value&quot;:{&quot;element-6066-11e4-a52e-4f735466cecf&quot;:&quot;7d16ab0d-af26-4386-a065-77fe434c58fb&quot;}}&quot;
06-29-2021 12:52:30 LoggingManagedHttpClientConnection.java DEBUG [Forwarding findElement on session 0fe84b5a5300ad024f85390d0b372d79 to remote] http.headers 122 - http-outgoing-0 &lt;&lt; HTTP/1.1 200 OK
06-29-2021 12:52:30 LoggingManagedHttpClientConnection.java DEBUG [Forwarding findElement on session 0fe84b5a5300ad024f85390d0b372d79 to remote] http.headers 125 - http-outgoing-0 &lt;&lt; Content-Length:88
06-29-2021 12:52:30 LoggingManagedHttpClientConnection.java DEBUG [Forwarding findElement on session 0fe84b5a5300ad024f85390d0b372d79 to remote] http.headers 125 - http-outgoing-0 &lt;&lt; Content-Type:application/json; charset=utf-8
06-29-2021 12:52:30 LoggingManagedHttpClientConnection.java DEBUG [Forwarding findElement on session 0fe84b5a5300ad024f85390d0b372d79 to remote] http.headers 125 - http-outgoing-0 &lt;&lt; cache-control:no-cache
06-29-2021 12:52:30 MainClientExec.java DEBUG [Forwarding findElement on session 0fe84b5a5300ad024f85390d0b372d79 to remote] execchain.MainClientExec 285 - Connection can be kept alive indefinitely
06-29-2021 12:52:30 PoolingHttpClientConnectionManager.java DEBUG [Forwarding findElement on session 0fe84b5a5300ad024f85390d0b372d79 to remote] conn.PoolingHttpClientConnectionManager 320 - Connection [id: 0][route: {}-&gt;http://localhost:38697] can be kept alive indefinitely
06-29-2021 12:52:30 PoolingHttpClientConnectionManager.java DEBUG [Forwarding findElement on session 0fe84b5a5300ad024f85390d0b372d79 to remote] conn.PoolingHttpClientConnectionManager 326 - Connection released: [id: 0][route: {}-&gt;http://localhost:38697][total kept alive: 1; route allocated: 1 of 2000; total allocated: 1 of 2000]
06-29-2021 12:52:30 RequestAddCookies.java DEBUG [Forwarding sendKeysToElement on session 0fe84b5a5300ad024f85390d0b372d79 to remote] protocol.RequestAddCookies 123 - CookieSpec selected: default
06-29-2021 12:52:30 RequestAuthCache.java DEBUG [Forwarding sendKeysToElement on session 0fe84b5a5300ad024f85390d0b372d79 to remote] protocol.RequestAuthCache 77 - Auth cache not set in the context
06-29-2021 12:52:30 PoolingHttpClientConnectionManager.java DEBUG [Forwarding sendKeysToElement on session 0fe84b5a5300ad024f85390d0b372d79 to remote] conn.PoolingHttpClientConnectionManager 255 - Connection request: [route: {}-&gt;http://localhost:38697][total kept alive: 1; route allocated: 1 of 2000; total allocated: 1 of 2000]
06-29-2021 12:52:30 PoolingHttpClientConnectionManager.java DEBUG [Forwarding sendKeysToElement on session 0fe84b5a5300ad024f85390d0b372d79 to remote] conn.PoolingHttpClientConnectionManager 288 - Connection leased: [id: 0][route: {}-&gt;http://localhost:38697][total kept alive: 0; route allocated: 1 of 2000; total allocated: 1 of 2000]
06-29-2021 12:52:30 MainClientExec.java DEBUG [Forwarding sendKeysToElement on session 0fe84b5a5300ad024f85390d0b372d79 to remote] execchain.MainClientExec 208 - Stale connection check
06-29-2021 12:52:30 Wire.java DEBUG [Forwarding sendKeysToElement on session 0fe84b5a5300ad024f85390d0b372d79 to remote] http.wire 87 - http-outgoing-0 &lt;&lt; &quot;[read] I/O error: Read timed out&quot;
06-29-2021 12:52:30 LoggingManagedHttpClientConnection.java DEBUG [Forwarding sendKeysToElement on session 0fe84b5a5300ad024f85390d0b372d79 to remote] conn.DefaultManagedHttpClientConnection 88 - http-outgoing-0: set socket timeout to 10800000
06-29-2021 12:52:30 MainClientExec.java DEBUG [Forwarding sendKeysToElement on session 0fe84b5a5300ad024f85390d0b372d79 to remote] execchain.MainClientExec 256 - Executing request POST /session/0fe84b5a5300ad024f85390d0b372d79/element/7d16ab0d-af26-4386-a065-77fe434c58fb/value HTTP/1.1
06-29-2021 12:52:30 MainClientExec.java DEBUG [Forwarding sendKeysToElement on session 0fe84b5a5300ad024f85390d0b372d79 to remote] execchain.MainClientExec 261 - Target auth state: UNCHALLENGED
06-29-2021 12:52:30 MainClientExec.java DEBUG [Forwarding sendKeysToElement on session 0fe84b5a5300ad024f85390d0b372d79 to remote] execchain.MainClientExec 267 - Proxy auth state: UNCHALLENGED
06-29-2021 12:52:30 LoggingManagedHttpClientConnection.java DEBUG [Forwarding sendKeysToElement on session 0fe84b5a5300ad024f85390d0b372d79 to remote] http.headers 133 - http-outgoing-0 &gt;&gt; POST /session/0fe84b5a5300ad024f85390d0b372d79/element/7d16ab0d-af26-4386-a065-77fe434c58fb/value HTTP/1.1
06-29-2021 12:52:30 LoggingManagedHttpClientConnection.java DEBUG [Forwarding sendKeysToElement on session 0fe84b5a5300ad024f85390d0b372d79 to remote] http.headers 136 - http-outgoing-0 &gt;&gt; Content-Type: application/json; charset=utf-8
06-29-2021 12:52:30 LoggingManagedHttpClientConnection.java DEBUG [Forwarding sendKeysToElement on session 0fe84b5a5300ad024f85390d0b372d79 to remote] http.headers 136 - http-outgoing-0 &gt;&gt; Content-Length: 105
06-29-2021 12:52:30 LoggingManagedHttpClientConnection.java DEBUG [Forwarding sendKeysToElement on session 0fe84b5a5300ad024f85390d0b372d79 to remote] http.headers 136 - http-outgoing-0 &gt;&gt; Host: localhost:38697
06-29-2021 12:52:30 LoggingManagedHttpClientConnection.java DEBUG [Forwarding sendKeysToElement on session 0fe84b5a5300ad024f85390d0b372d79 to remote] http.headers 136 - http-outgoing-0 &gt;&gt; Connection: Keep-Alive
06-29-2021 12:52:30 LoggingManagedHttpClientConnection.java DEBUG [Forwarding sendKeysToElement on session 0fe84b5a5300ad024f85390d0b372d79 to remote] http.headers 136 - http-outgoing-0 &gt;&gt; User-Agent: Apache-HttpClient/4.5.3 (Java/1.8.0_201)
06-29-2021 12:52:30 LoggingManagedHttpClientConnection.java DEBUG [Forwarding sendKeysToElement on session 0fe84b5a5300ad024f85390d0b372d79 to remote] http.headers 136 - http-outgoing-0 &gt;&gt; Accept-Encoding: gzip,deflate
06-29-2021 12:52:30 Wire.java DEBUG [Forwarding sendKeysToElement on session 0fe84b5a5300ad024f85390d0b372d79 to remote] http.wire 73 - http-outgoing-0 &gt;&gt; &quot;POST /session/0fe84b5a5300ad024f85390d0b372d79/element/7d16ab0d-af26-4386-a065-77fe434c58fb/value HTTP/1.1[\r][\n]&quot;
06-29-2021 12:52:30 Wire.java DEBUG [Forwarding sendKeysToElement on session 0fe84b5a5300ad024f85390d0b372d79 to remote] http.wire 73 - http-outgoing-0 &gt;&gt; &quot;Content-Type: application/json; charset=utf-8[\r][\n]&quot;
06-29-2021 12:52:30 Wire.java DEBUG [Forwarding sendKeysToElement on session 0fe84b5a5300ad024f85390d0b372d79 to remote] http.wire 73 - http-outgoing-0 &gt;&gt; &quot;Content-Length: 105[\r][\n]&quot;
06-29-2021 12:52:30 Wire.java DEBUG [Forwarding sendKeysToElement on session 0fe84b5a5300ad024f85390d0b372d79 to remote] http.wire 73 - http-outgoing-0 &gt;&gt; &quot;Host: localhost:38697[\r][\n]&quot;
06-29-2021 12:52:30 Wire.java DEBUG [Forwarding sendKeysToElement on session 0fe84b5a5300ad024f85390d0b372d79 to remote] http.wire 73 - http-outgoing-0 &gt;&gt; &quot;Connection: Keep-Alive[\r][\n]&quot;
06-29-2021 12:52:30 Wire.java DEBUG [Forwarding sendKeysToElement on session 0fe84b5a5300ad024f85390d0b372d79 to remote] http.wire 73 - http-outgoing-0 &gt;&gt; &quot;User-Agent: Apache-HttpClient/4.5.3 (Java/1.8.0_201)[\r][\n]&quot;
06-29-2021 12:52:30 Wire.java DEBUG [Forwarding sendKeysToElement on session 0fe84b5a5300ad024f85390d0b372d79 to remote] http.wire 73 - http-outgoing-0 &gt;&gt; &quot;Accept-Encoding: gzip,deflate[\r][\n]&quot;
06-29-2021 12:52:30 Wire.java DEBUG [Forwarding sendKeysToElement on session 0fe84b5a5300ad024f85390d0b372d79 to remote] http.wire 73 - http-outgoing-0 &gt;&gt; &quot;[\r][\n]&quot;
06-29-2021 12:52:30 Wire.java DEBUG [Forwarding sendKeysToElement on session 0fe84b5a5300ad024f85390d0b372d79 to remote] http.wire 87 - http-outgoing-0 &gt;&gt; &quot;{&quot;id&quot;:&quot;7d16ab0d-af26-4386-a065-77fe434c58fb&quot;,&quot;text&quot;:&quot;Surya@66&quot;,&quot;value&quot;:[&quot;S&quot;,&quot;u&quot;,&quot;r&quot;,&quot;y&quot;,&quot;a&quot;,&quot;@&quot;,&quot;6&quot;,&quot;6&quot;]}&quot;
06-29-2021 12:52:30 Wire.java DEBUG [Forwarding sendKeysToElement on session 0fe84b5a5300ad024f85390d0b372d79 to remote] http.wire 73 - http-outgoing-0 &lt;&lt; &quot;HTTP/1.1 200 OK[\r][\n]&quot;
06-29-2021 12:52:30 Wire.java DEBUG [Forwarding sendKeysToElement on session 0fe84b5a5300ad024f85390d0b372d79 to remote] http.wire 73 - http-outgoing-0 &lt;&lt; &quot;Content-Length:14[\r][\n]&quot;
06-29-2021 12:52:30 Wire.java DEBUG [Forwarding sendKeysToElement on session 0fe84b5a5300ad024f85390d0b372d79 to remote] http.wire 73 - http-outgoing-0 &lt;&lt; &quot;Content-Type:application/json; charset=utf-8[\r][\n]&quot;
06-29-2021 12:52:30 Wire.java DEBUG [Forwarding sendKeysToElement on session 0fe84b5a5300ad024f85390d0b372d79 to remote] http.wire 73 - http-outgoing-0 &lt;&lt; &quot;cache-control:no-cache[\r][\n]&quot;
06-29-2021 12:52:30 Wire.java DEBUG [Forwarding sendKeysToElement on session 0fe84b5a5300ad024f85390d0b372d79 to remote] http.wire 73 - http-outgoing-0 &lt;&lt; &quot;[\r][\n]&quot;
06-29-2021 12:52:30 Wire.java DEBUG [Forwarding sendKeysToElement on session 0fe84b5a5300ad024f85390d0b372d79 to remote] http.wire 87 - http-outgoing-0 &lt;&lt; &quot;{&quot;value&quot;:null}&quot;
06-29-2021 12:52:30 LoggingManagedHttpClientConnection.java DEBUG [Forwarding sendKeysToElement on session 0fe84b5a5300ad024f85390d0b372d79 to remote] http.headers 122 - http-outgoing-0 &lt;&lt; HTTP/1.1 200 OK
06-29-2021 12:52:30 LoggingManagedHttpClientConnection.java DEBUG [Forwarding sendKeysToElement on session 0fe84b5a5300ad024f85390d0b372d79 to remote] http.headers 125 - http-outgoing-0 &lt;&lt; Content-Length:14
06-29-2021 12:52:30 LoggingManagedHttpClientConnection.java DEBUG [Forwarding sendKeysToElement on session 0fe84b5a5300ad024f85390d0b372d79 to remote] http.headers 125 - http-outgoing-0 &lt;&lt; Content-Type:application/json; charset=utf-8
06-29-2021 12:52:30 LoggingManagedHttpClientConnection.java DEBUG [Forwarding sendKeysToElement on session 0fe84b5a5300ad024f85390d0b372d79 to remote] http.headers 125 - http-outgoing-0 &lt;&lt; cache-control:no-cache
06-29-2021 12:52:30 MainClientExec.java DEBUG [Forwarding sendKeysToElement on session 0fe84b5a5300ad024f85390d0b372d79 to remote] execchain.MainClientExec 285 - Connection can be kept alive indefinitely
06-29-2021 12:52:30 PoolingHttpClientConnectionManager.java DEBUG [Forwarding sendKeysToElement on session 0fe84b5a5300ad024f85390d0b372d79 to remote] conn.PoolingHttpClientConnectionManager 320 - Connection [id: 0][route: {}-&gt;http://localhost:38697] can be kept alive indefinitely
06-29-2021 12:52:30 PoolingHttpClientConnectionManager.java DEBUG [Forwarding sendKeysToElement on session 0fe84b5a5300ad024f85390d0b372d79 to remote] conn.PoolingHttpClientConnectionManager 326 - Connection released: [id: 0][route: {}-&gt;http://localhost:38697][total kept alive: 1; route allocated: 1 of 2000; total allocated: 1 of 2000]
06-29-2021 12:52:30 RequestAddCookies.java DEBUG [Forwarding findElement on session 0fe84b5a5300ad024f85390d0b372d79 to remote] protocol.RequestAddCookies 123 - CookieSpec selected: default
06-29-2021 12:52:30 RequestAuthCache.java DEBUG [Forwarding findElement on session 0fe84b5a5300ad024f85390d0b372d79 to remote] protocol.RequestAuthCache 77 - Auth cache not set in the context
06-29-2021 12:52:30 PoolingHttpClientConnectionManager.java DEBUG [Forwarding findElement on session 0fe84b5a5300ad024f85390d0b372d79 to remote] conn.PoolingHttpClientConnectionManager 255 - Connection request: [route: {}-&gt;http://localhost:38697][total kept alive: 1; route allocated: 1 of 2000; total allocated: 1 of 2000]
06-29-2021 12:52:30 PoolingHttpClientConnectionManager.java DEBUG [Forwarding findElement on session 0fe84b5a5300ad024f85390d0b372d79 to remote] conn.PoolingHttpClientConnectionManager 288 - Connection leased: [id: 0][route: {}-&gt;http://localhost:38697][total kept alive: 0; route allocated: 1 of 2000; total allocated: 1 of 2000]
06-29-2021 12:52:30 MainClientExec.java DEBUG [Forwarding findElement on session 0fe84b5a5300ad024f85390d0b372d79 to remote] execchain.MainClientExec 208 - Stale connection check
06-29-2021 12:52:30 Wire.java DEBUG [Forwarding findElement on session 0fe84b5a5300ad024f85390d0b372d79 to remote] http.wire 87 - http-outgoing-0 &lt;&lt; &quot;[read] I/O error: Read timed out&quot;
06-29-2021 12:52:30 LoggingManagedHttpClientConnection.java DEBUG [Forwarding findElement on session 0fe84b5a5300ad024f85390d0b372d79 to remote] conn.DefaultManagedHttpClientConnection 88 - http-outgoing-0: set socket timeout to 10800000
06-29-2021 12:52:30 MainClientExec.java DEBUG [Forwarding findElement on session 0fe84b5a5300ad024f85390d0b372d79 to remote] execchain.MainClientExec 256 - Executing request POST /session/0fe84b5a5300ad024f85390d0b372d79/element HTTP/1.1
06-29-2021 12:52:30 MainClientExec.java DEBUG [Forwarding findElement on session 0fe84b5a5300ad024f85390d0b372d79 to remote] execchain.MainClientExec 261 - Target auth state: UNCHALLENGED
[...]
06-29-2021 12:52:38 LoggingManagedHttpClientConnection.java DEBUG [Forwarding clickElement on session 0fe84b5a5300ad024f85390d0b372d79 to remote] http.headers 136 - http-outgoing-0 &gt;&gt; Content-Type: application/json; charset=utf-8
06-29-2021 12:52:38 LoggingManagedHttpClientConnection.java DEBUG [Forwarding clickElement on session 0fe84b5a5300ad024f85390d0b372d79 to remote] http.headers 136 - http-outgoing-0 &gt;&gt; Content-Length: 45
06-29-2021 12:52:38 LoggingManagedHttpClientConnection.java DEBUG [Forwarding clickElement on session 0fe84b5a5300ad024f85390d0b372d79 to remote] http.headers 136 - http-outgoing-0 &gt;&gt; Host: localhost:38697
06-29-2021 12:52:38 LoggingManagedHttpClientConnection.java DEBUG [Forwarding clickElement on session 0fe84b5a5300ad024f85390d0b372d79 to remote] http.headers 136 - http-outgoing-0 &gt;&gt; Connection: Keep-Alive
06-29-2021 12:52:38 LoggingManagedHttpClientConnection.java DEBUG [Forwarding clickElement on session 0fe84b5a5300ad024f85390d0b372d79 to remote] http.headers 136 - http-outgoing-0 &gt;&gt; User-Agent: Apache-HttpClient/4.5.3 (Java/1.8.0_201)
06-29-2021 12:52:38 LoggingManagedHttpClientConnection.java DEBUG [Forwarding clickElement on session 0fe84b5a5300ad024f85390d0b372d79 to remote] http.headers 136 - http-outgoing-0 &gt;&gt; Accept-Encoding: gzip,deflate
06-29-2021 12:52:38 Wire.java DEBUG [Forwarding clickElement on session 0fe84b5a5300ad024f85390d0b372d79 to remote] http.wire 73 - http-outgoing-0 &gt;&gt; &quot;POST /session/0fe84b5a5300ad024f85390d0b372d79/element/fcf0661b-a1b2-4e7b-b591-2bfd7a18daa6/click HTTP/1.1[\r][\n]&quot;
06-29-2021 12:52:38 Wire.java DEBUG [Forwarding clickElement on session 0fe84b5a5300ad024f85390d0b372d79 to remote] http.wire 73 - http-outgoing-0 &gt;&gt; &quot;Content-Type: application/json; charset=utf-8[\r][\n]&quot;
06-29-2021 12:52:38 Wire.java DEBUG [Forwarding clickElement on session 0fe84b5a5300ad024f85390d0b372d79 to remote] http.wire 73 - http-outgoing-0 &gt;&gt; &quot;Content-Length: 45[\r][\n]&quot;
06-29-2021 12:52:38 Wire.java DEBUG [Forwarding clickElement on session 0fe84b5a5300ad024f85390d0b372d79 to remote] http.wire 73 - http-outgoing-0 &gt;&gt; &quot;Host: localhost:38697[\r][\n]&quot;
06-29-2021 12:52:38 Wire.java DEBUG [Forwarding clickElement on session 0fe84b5a5300ad024f85390d0b372d79 to remote] http.wire 73 - http-outgoing-0 &gt;&gt; &quot;Connection: Keep-Alive[\r][\n]&quot;
06-29-2021 12:52:38 Wire.java DEBUG [Forwarding clickElement on session 0fe84b5a5300ad024f85390d0b372d79 to remote] http.wire 73 - http-outgoing-0 &gt;&gt; &quot;User-Agent: Apache-HttpClient/4.5.3 (Java/1.8.0_201)[\r][\n]&quot;
06-29-2021 12:52:38 Wire.java DEBUG [Forwarding clickElement on session 0fe84b5a5300ad024f85390d0b372d79 to remote] http.wire 73 - http-outgoing-0 &gt;&gt; &quot;Accept-Encoding: gzip,deflate[\r][\n]&quot;
06-29-2021 12:52:38 Wire.java DEBUG [Forwarding clickElement on session 0fe84b5a5300ad024f85390d0b372d79 to remote] http.wire 73 - http-outgoing-0 &gt;&gt; &quot;[\r][\n]&quot;
06-29-2021 12:52:38 Wire.java DEBUG [Forwarding clickElement on session 0fe84b5a5300ad024f85390d0b372d79 to remote] http.wire 87 - http-outgoing-0 &gt;&gt; &quot;{&quot;id&quot;:&quot;fcf0661b-a1b2-4e7b-b591-2bfd7a18daa6&quot;}&quot;
06-29-2021 12:52:42 Wire.java DEBUG [Forwarding clickElement on session 0fe84b5a5300ad024f85390d0b372d79 to remote] http.wire 73 - http-outgoing-0 &lt;&lt; &quot;HTTP/1.1 200 OK[\r][\n]&quot;
06-29-2021 12:52:42 Wire.java DEBUG [Forwarding clickElement on session 0fe84b5a5300ad024f85390d0b372d79 to remote] http.wire 73 - http-outgoing-0 &lt;&lt; &quot;Content-Length:14[\r][\n]&quot;
06-29-2021 12:52:42 Wire.java DEBUG [Forwarding clickElement on session 0fe84b5a5300ad024f85390d0b372d79 to remote] http.wire 73 - http-outgoing-0 &lt;&lt; &quot;Content-Type:application/json; charset=utf-8[\r][\n]&quot;
06-29-2021 12:52:42 Wire.java DEBUG [Forwarding clickElement on session 0fe84b5a5300ad024f85390d0b372d79 to remote] http.wire 73 - http-outgoing-0 &lt;&lt; &quot;cache-control:no-cache[\r][\n]&quot;
06-29-2021 12:52:42 Wire.java DEBUG [Forwarding clickElement on session 0fe84b5a5300ad024f85390d0b372d79 to remote] http.wire 73 - http-outgoing-0 &lt;&lt; &quot;[\r][\n]&quot;
06-29-2021 12:52:42 Wire.java DEBUG [Forwarding clickElement on session 0fe84b5a5300ad024f85390d0b372d79 to remote] http.wire 87 - http-outgoing-0 &lt;&lt; &quot;{&quot;value&quot;:null}&quot;
06-29-2021 12:52:42 LoggingManagedHttpClientConnection.java DEBUG [Forwarding clickElement on session 0fe84b5a5300ad024f85390d0b372d79 to remote] http.headers 122 - http-outgoing-0 &lt;&lt; HTTP/1.1 200 OK
06-29-2021 12:52:42 LoggingManagedHttpClientConnection.java DEBUG [Forwarding clickElement on session 0fe84b5a5300ad024f85390d0b372d79 to remote] http.headers 125 - http-outgoing-0 &lt;&lt; Content-Length:14
06-29-2021 12:52:42 LoggingManagedHttpClientConnection.java DEBUG [Forwarding clickElement on session 0fe84b5a5300ad024f85390d0b372d79 to remote] http.headers 125 - http-outgoing-0 &lt;&lt; Content-Type:application/json; charset=utf-8
06-29-2021 12:52:42 LoggingManagedHttpClientConnection.java DEBUG [Forwarding clickElement on session 0fe84b5a5300ad024f85390d0b372d79 to remote] http.headers 125 - http-outgoing-0 &lt;&lt; cache-control:no-cache
06-29-2021 12:52:42 MainClientExec.java DEBUG [Forwarding clickElement on session 0fe84b5a5300ad024f85390d0b372d79 to remote] execchain.MainClientExec 285 - Connection can be kept alive indefinitely
06-29-2021 12:52:42 PoolingHttpClientConnectionManager.java DEBUG [Forwarding clickElement on session 0fe84b5a5300ad024f85390d0b372d79 to remote] conn.PoolingHttpClientConnectionManager 320 - Connection [id: 0][route: {}-&gt;http://localhost:38697] can be kept alive indefinitely
06-29-2021 12:52:42 PoolingHttpClientConnectionManager.java DEBUG [Forwarding clickElement on session 0fe84b5a5300ad024f85390d0b372d79 to remote] conn.PoolingHttpClientConnectionManager 326 - Connection released: [id: 0][route: {}-&gt;http://localhost:38697][total kept alive: 1; route allocated: 1 of 2000; total allocated: 1 of 2000]
06-29-2021 12:52:43 RequestAddCookies.java DEBUG [Forwarding newSession on session null to remote] protocol.RequestAddCookies 123 - CookieSpec selected: default
06-29-2021 12:52:43 RequestAuthCache.java DEBUG [Forwarding newSession on session null to remote] protocol.RequestAuthCache 77 - Auth cache not set in the context
06-29-2021 12:52:43 PoolingHttpClientConnectionManager.java DEBUG [Forwarding newSession on session null to remote] conn.PoolingHttpClientConnectionManager 255 - Connection request: [route: {}-&gt;http://localhost:37734][total kept alive: 1; route allocated: 0 of 2000; total allocated: 1 of 2000]
06-29-2021 12:52:43 PoolingHttpClientConnectionManager.java DEBUG [Forwarding newSession on session null to remote] conn.PoolingHttpClientConnectionManager 288 - Connection leased: [id: 1][route: {}-&gt;http://localhost:37734][total kept alive: 1; route allocated: 1 of 2000; total allocated: 2 of 2000]
06-29-2021 12:52:43 MainClientExec.java DEBUG [Forwarding newSession on session null to remote] execchain.MainClientExec 235 - Opening connection {}-&gt;http://localhost:37734
06-29-2021 12:52:43 DefaultHttpClientConnectionOperator.java DEBUG [Forwarding newSession on session null to remote] conn.DefaultHttpClientConnectionOperator 139 - Connecting to localhost/127.0.0.1:37734
06-29-2021 12:52:43 DefaultHttpClientConnectionOperator.java DEBUG [Forwarding newSession on session null to remote] conn.DefaultHttpClientConnectionOperator 146 - Connection established 127.0.0.1:57669&lt;-&gt;127.0.0.1:37734
06-29-2021 12:52:43 LoggingManagedHttpClientConnection.java DEBUG [Forwarding newSession on session null to remote] conn.DefaultManagedHttpClientConnection 88 - http-outgoing-1: set socket timeout to 10800000
06-29-2021 12:52:43 MainClientExec.java DEBUG [Forwarding newSession on session null to remote] execchain.MainClientExec 256 - Executing request POST /session HTTP/1.1
06-29-2021 12:52:43 MainClientExec.java DEBUG [Forwarding newSession on session null to remote] execchain.MainClientExec 261 - Target auth state: UNCHALLENGED
06-29-2021 12:52:43 MainClientExec.java DEBUG [Forwarding newSession on session null to remote] execchain.MainClientExec 267 - Proxy auth state: UNCHALLENGED
06-29-2021 12:52:43 LoggingManagedHttpClientConnection.java DEBUG [Forwarding newSession on session null to remote] http.headers 133 - http-outgoing-1 &gt;&gt; POST /session HTTP/1.1
06-29-2021 12:52:43 LoggingManagedHttpClientConnection.java DEBUG [Forwarding newSession on session null to remote] http.headers 136 - http-outgoing-1 &gt;&gt; Content-Type: application/json; charset=utf-8
06-29-2021 12:52:43 LoggingManagedHttpClientConnection.java DEBUG [Forwarding newSession on session null to remote] http.headers 136 - http-outgoing-1 &gt;&gt; Content-Length: 335
06-29-2021 12:52:43 LoggingManagedHttpClientConnection.java DEBUG [Forwarding newSession on session null to remote] http.headers 136 - http-outgoing-1 &gt;&gt; Host: localhost:37734
06-29-2021 12:52:43 LoggingManagedHttpClientConnection.java DEBUG [Forwarding newSession on session null to remote] http.headers 136 - http-outgoing-1 &gt;&gt; Connection: Keep-Alive
06-29-2021 12:52:43 LoggingManagedHttpClientConnection.java DEBUG [Forwarding newSession on session null to remote] http.headers 136 - http-outgoing-1 &gt;&gt; User-Agent: Apache-HttpClient/4.5.3 (Java/1.8.0_201)
06-29-2021 12:52:43 LoggingManagedHttpClientConnection.java DEBUG [Forwarding newSession on session null to remote] http.headers 136 - http-outgoing-1 &gt;&gt; Accept-Encoding: gzip,deflate
06-29-2021 12:52:43 Wire.java DEBUG [Forwarding newSession on session null to remote] http.wire 73 - http-outgoing-1 &gt;&gt; &quot;POST /session HTTP/1.1[\r][\n]&quot;
06-29-2021 12:52:43 Wire.java DEBUG [Forwarding newSession on session null to remote] http.wire 73 - http-outgoing-1 &gt;&gt; &quot;Content-Type: application/json; charset=utf-8[\r][\n]&quot;
06-29-2021 12:52:43 Wire.java DEBUG [Forwarding newSession on session null to remote] http.wire 73 - http-outgoing-1 &gt;&gt; &quot;Content-Length: 335[\r][\n]&quot;
06-29-2021 12:52:43 Wire.java DEBUG [Forwarding newSession on session null to remote] http.wire 73 - http-outgoing-1 &gt;&gt; &quot;Host: localhost:37734[\r][\n]&quot;
06-29-2021 12:52:43 Wire.java DEBUG [Forwarding newSession on session null to remote] http.wire 73 - http-outgoing-1 &gt;&gt; &quot;Connection: Keep-Alive[\r][\n]&quot;
06-29-2021 12:52:43 Wire.java DEBUG [Forwarding newSession on session null to remote] http.wire 73 - http-outgoing-1 &gt;&gt; &quot;User-Agent: Apache-HttpClient/4.5.3 (Java/1.8.0_201)[\r][\n]&quot;
06-29-2021 12:52:43 Wire.java DEBUG [Forwarding newSession on session null to remote] http.wire 73 - http-outgoing-1 &gt;&gt; &quot;Accept-Encoding: gzip,deflate[\r][\n]&quot;
06-29-2021 12:52:43 Wire.java DEBUG [Forwarding newSession on session null to remote] http.wire 73 - http-outgoing-1 &gt;&gt; &quot;[\r][\n]&quot;
06-29-2021 12:52:43 Wire.java DEBUG [Forwarding newSession on session null to remote] http.wire 73 - http-outgoing-1 &gt;&gt; &quot;{[\n]&quot;
06-29-2021 12:52:43 Wire.java DEBUG [Forwarding newSession on session null to remote] http.wire 73 - http-outgoing-1 &gt;&gt; &quot;  &quot;desiredCapabilities&quot;: {&quot;browserName&quot;:&quot;chrome&quot;,&quot;goog:chromeOptions&quot;:{&quot;args&quot;:[],&quot;extensions&quot;:[]}},[\n]&quot;
06-29-2021 12:52:43 Wire.java DEBUG [Forwarding newSession on session null to remote] http.wire 73 - http-outgoing-1 &gt;&gt; &quot;  &quot;capabilities&quot;: {[\n]&quot;
06-29-2021 12:52:43 Wire.java DEBUG [Forwarding newSession on session null to remote] http.wire 73 - http-outgoing-1 &gt;&gt; &quot;    &quot;desiredCapabilities&quot;: {&quot;browserName&quot;:&quot;chrome&quot;,&quot;goog:chromeOptions&quot;:{&quot;args&quot;:[],&quot;extensions&quot;:[]}},[\n]&quot;
06-29-2021 12:52:43 Wire.java DEBUG [Forwarding newSession on session null to remote] http.wire 73 - http-outgoing-1 &gt;&gt; &quot;    &quot;firstMatch&quot;: [[\n]&quot;
06-29-2021 12:52:43 Wire.java DEBUG [Forwarding newSession on session null to remote] http.wire 73 - http-outgoing-1 &gt;&gt; &quot;      {&quot;browserName&quot;:&quot;chrome&quot;,&quot;goog:chromeOptions&quot;:{&quot;args&quot;:[],&quot;extensions&quot;:[]}}[\n]&quot;
06-29-2021 12:52:43 Wire.java DEBUG [Forwarding newSession on session null to remote] http.wire 73 - http-outgoing-1 &gt;&gt; &quot;    ][\n]&quot;
06-29-2021 12:52:43 Wire.java DEBUG [Forwarding newSession on session null to remote] http.wire 73 - http-outgoing-1 &gt;&gt; &quot;  }[\n]&quot;
06-29-2021 12:52:43 Wire.java DEBUG [Forwarding newSession on session null to remote] http.wire 87 - http-outgoing-1 &gt;&gt; &quot;}&quot;
06-29-2021 13:02:49 Wire.java DEBUG [Forwarding newSession on session null to remote] http.wire 73 - http-outgoing-1 &lt;&lt; &quot;HTTP/1.1 500 Internal Server Error[\r][\n]&quot;
06-29-2021 13:02:49 Wire.java DEBUG [Forwarding newSession on session null to remote] http.wire 73 - http-outgoing-1 &lt;&lt; &quot;Content-Length:1192[\r][\n]&quot;
06-29-2021 13:02:49 Wire.java DEBUG [Forwarding newSession on session null to remote] http.wire 73 - http-outgoing-1 &lt;&lt; &quot;Content-Type:application/json; charset=utf-8[\r][\n]&quot;
06-29-2021 13:02:49 Wire.java DEBUG [Forwarding newSession on session null to remote] http.wire 73 - http-outgoing-1 &lt;&lt; &quot;cache-control:no-cache[\r][\n]&quot;
06-29-2021 13:02:49 Wire.java DEBUG [Forwarding newSession on session null to remote] http.wire 73 - http-outgoing-1 &lt;&lt; &quot;[\r][\n]&quot;
06-29-2021 13:02:49 Wire.java DEBUG [Forwarding newSession on session null to remote] http.wire 87 - http-outgoing-1 &lt;&lt; &quot;{&quot;value&quot;:{&quot;error&quot;:&quot;session not created&quot;,&quot;message&quot;:&quot;session not created\nfrom timeout: Timed out receiving message from renderer: 600.000\n  (Session info: chrome=91.0.4472.124)&quot;,&quot;stacktrace&quot;:&quot;Backtrace:\n\tOrdinal0 [0x00A72DB3+2502067]\n\tOrdinal0 [0x00A0C5B1+2082225]\n\tOrdinal0 [0x00912498+1057944]\n\tOrdinal0 [0x00904D2F+1002799]\n\tOrdinal0 [0x00903D69+998761]\n\tOrdinal0 [0x00904026+999462]\n\tOrdinal0 [0x00903915+997653]\n\tOrdinal0 [0x008FF4F4+980212]\n\tOrdinal0 [0x009038D1+997585]\n\tOrdinal0 [0x00903670+996976]\n\tOrdinal0 [0x00903409+996361]\n\tOrdinal0 [0x009136A0+1062560]\n\tOrdinal0 [0x0095AA59+1354329]\n\tOrdinal0 [0x0095967A+1349242]\n\tOrdinal0 [0x00955BEB+1334251]\n\tOrdinal0 [0x00932174+1188212]\n\tOrdinal0 [0x00933009+1191945]\n\tGetHandleVerifier [0x00BEEC5C+1511084]\n\tGetHandleVerifier [0x00C98522+2205554]\n\tGetHandleVerifier [0x00AF3393+480739]\n\tGetHandleVerifier [0x00AF2579+477129]\n\tOrdinal0 [0x00A11E5D+2104925]\n\tOrdinal0 [0x00A163F8+2122744]\n\tOrdinal0 [0x00A16537+2123063]\n\tOrdinal0 [0x00A1EE53+2158163]\n\tBaseThreadInitThunk [0x7554337A+18]\n\tRtlInitializeExceptionChain [0x77809882+99]\n\tRtlInitializeExceptionChain [0x77809855+54]\n&quot;}}&quot;
06-29-2021 13:02:49 LoggingManagedHttpClientConnection.java DEBUG [Forwarding newSession on session null to remote] http.headers 122 - http-outgoing-1 &lt;&lt; HTTP/1.1 500 Internal Server Error
06-29-2021 13:02:49 LoggingManagedHttpClientConnection.java DEBUG [Forwarding newSession on session null to remote] http.headers 125 - http-outgoing-1 &lt;&lt; Content-Length:1192
06-29-2021 13:02:49 LoggingManagedHttpClientConnection.java DEBUG [Forwarding newSession on session null to remote] http.headers 125 - http-outgoing-1 &lt;&lt; Content-Type:application/json; charset=utf-8
06-29-2021 13:02:49 LoggingManagedHttpClientConnection.java DEBUG [Forwarding newSession on session null to remote] http.headers 125 - http-outgoing-1 &lt;&lt; cache-control:no-cache
06-29-2021 13:02:49 MainClientExec.java DEBUG [Forwarding newSession on session null to remote] execchain.MainClientExec 285 - Connection can be kept alive indefinitely
06-29-2021 13:02:49 PoolingHttpClientConnectionManager.java DEBUG [Forwarding newSession on session null to remote] conn.PoolingHttpClientConnectionManager 320 - Connection [id: 1][route: {}-&gt;http://localhost:37734] can be kept alive indefinitely
06-29-2021 13:02:49 PoolingHttpClientConnectionManager.java DEBUG [Forwarding newSession on session null to remote] conn.PoolingHttpClientConnectionManager 326 - Connection released: [id: 1][route: {}-&gt;http://localhost:37734][total kept alive: 2; route allocated: 1 of 2000; total allocated: 2 of 2000]
</system-out>
    <system-err>Starting ChromeDriver 91.0.4472.19 (1bf021f248676a0b2ab3ee0561d83a59e424c23e-refs/branch-heads/4472@{#288}) on port 38697
Only local connections are allowed.
Please see https://chromedriver.chromium.org/security-considerations for suggestions on keeping ChromeDriver safe.
ChromeDriver was started successfully.
Jun 29, 2021 12:52:20 PM org.openqa.selenium.remote.ProtocolHandshake createSession
INFO: Detected dialect: W3C
Starting ChromeDriver 91.0.4472.19 (1bf021f248676a0b2ab3ee0561d83a59e424c23e-refs/branch-heads/4472@{#288}) on port 37734
Only local connections are allowed.
Please see https://chromedriver.chromium.org/security-considerations for suggestions on keeping ChromeDriver safe.
ChromeDriver was started successfully.
[1624951969.520][SEVERE]: Timed out receiving message from renderer: 600.000
</system-err>
  </testcase>
  <testcase classname="test.productTest" name="before" time="636.26">
    <skipped/>
  </testcase>
  <testcase classname="test.homePageTest" name="before" time="636.29">
    <skipped/>
  </testcase>
  <testcase classname="test.homePageTest" name="loginVerifyTest" time="0">
    <skipped/>
  </testcase>
  <testcase classname="test.homePageTest" name="before" time="0.004">
    <skipped/>
  </testcase>
  <testcase classname="test.homePageTest" name="enterProductName" time="0">
    <skipped/>
  </testcase>
  <testcase classname="test.LoginTest" name="before" time="0.005">
    <skipped/>
  </testcase>
  <testcase classname="test.LoginTest" name="titleTest" time="0">
    <skipped/>
  </testcase>
  <testcase classname="test.LoginTest" name="end" time="0">
    <skipped/>
  </testcase>
  <testcase classname="test.LoginTest" name="before" time="0.001">
    <skipped/>
  </testcase>
  <testcase classname="test.LoginTest" name="loginTest" time="0">
    <skipped/>
  </testcase>
  <testcase classname="test.LoginTest" name="end" time="0.001">
    <skipped/>
  </testcase>
  <testcase classname="test.PaymentPageTest" name="verifyPaymentPageTitle" time="0">
    <skipped/>
  </testcase>
  <testcase classname="test.PaymentPageTest" name="selectCreditCardAndEnter" time="0">
    <skipped/>
  </testcase>
  <testcase classname="test.PaymentPageTest" name="cardNumberValidation" time="0">
    <skipped/>
  </testcase>
  <testcase classname="test.PlaceOrderTest" name="verifyProductInCart" time="0">
    <skipped/>
  </testcase>
  <testcase classname="test.PlaceOrderTest" name="orderTest" time="0">
    <skipped/>
  </testcase>
  <testcase classname="test.productTest" name="verifyPrdoduct" time="0">
    <skipped/>
  </testcase>
  <testcase classname="test.productTest" name="addToCartTest" time="0.001">
    <skipped/>
  </testcase>
  <testcase classname="test.PaymentPageTest" name="end" time="0.002">
    <skipped/>
  </testcase>
  <testcase classname="test.PlaceOrderTest" name="end" time="0.003">
    <skipped/>
  </testcase>
  <testcase classname="test.homePageTest" name="end" time="0.004">
    <skipped/>
  </testcase>
  <testcase classname="test.productTest" name="end" time="0.005">
    <skipped/>
  </testcase>
</testsuite>