<?xml version="1.0" encoding="UTF-8"?>
<testng-results skipped="0" failed="0" ignored="0" total="3" passed="3">
  <reporter-output>
  </reporter-output>
  <suite name="Default suite" duration-ms="33823" started-at="2021-06-24T10:27:55 IST" finished-at="2021-06-24T10:28:29 IST">
    <groups>
    </groups>
    <test name="Default test" duration-ms="33823" started-at="2021-06-24T10:27:55 IST" finished-at="2021-06-24T10:28:29 IST">
      <class name="test.PaymentPageTest">
        <test-method status="PASS" signature="before()[pri:0, instance:test.PaymentPageTest@1500955a]" name="before" is-config="true" duration-ms="26871" started-at="2021-06-24T10:27:55 IST" finished-at="2021-06-24T10:28:22 IST">
          <reporter-output>
          </reporter-output>
        </test-method> <!-- before -->
        <test-method status="PASS" signature="verifyPaymentPageTitle()[pri:1, instance:test.PaymentPageTest@1500955a]" name="verifyPaymentPageTitle" duration-ms="29" started-at="2021-06-24T10:28:22 IST" finished-at="2021-06-24T10:28:22 IST">
          <reporter-output>
          </reporter-output>
        </test-method> <!-- verifyPaymentPageTitle -->
        <test-method status="PASS" signature="selectCreditCardAndEnter()[pri:2, instance:test.PaymentPageTest@1500955a]" name="selectCreditCardAndEnter" duration-ms="6083" started-at="2021-06-24T10:28:22 IST" finished-at="2021-06-24T10:28:28 IST">
          <reporter-output>
          </reporter-output>
        </test-method> <!-- selectCreditCardAndEnter -->
        <test-method status="PASS" signature="cardNumberValidation()[pri:3, instance:test.PaymentPageTest@1500955a]" name="cardNumberValidation" duration-ms="77" started-at="2021-06-24T10:28:28 IST" finished-at="2021-06-24T10:28:28 IST">
          <reporter-output>
          </reporter-output>
        </test-method> <!-- cardNumberValidation -->
        <test-method status="PASS" signature="end()[pri:0, instance:test.PaymentPageTest@1500955a]" name="end" is-config="true" duration-ms="674" started-at="2021-06-24T10:28:28 IST" finished-at="2021-06-24T10:28:29 IST">
          <reporter-output>
          </reporter-output>
        </test-method> <!-- end -->
      </class> <!-- test.PaymentPageTest -->
    </test> <!-- Default test -->
  </suite> <!-- Default suite -->
</testng-results>
